[1650612708] Nagios 3.5.1 starting... (PID=510)
[1650612708] Local time is Fri Apr 22 09:31:48 CEST 2022
[1650612708] LOG VERSION: 2.0
[1650612708] npcdmod: Copyright (c) 2008-2009 Hendrik Baecker (andurin@process-zero.de) - http://www.pnp4nagios.org
[1650612708] npcdmod: /omd/sites/cmk/etc/pnp4nagios/npcd.cfg initialized
[1650612708] npcdmod: spool_dir = '/omd/sites/cmk/var/pnp4nagios/spool/'.
[1650612708] npcdmod: perfdata file '/omd/sites/cmk/var/pnp4nagios/perfdata.dump'.
[1650612708] npcdmod: Ready to run to have some fun!
[1650612708] Event broker module '/omd/sites/cmk/lib/npcdmod.o' initialized successfully.
[1650612708] livestatus: setting number of client threads to 20
[1650612708] livestatus: Path to the license usage '/omd/sites/cmk/var/check_mk/license_usage/history.json' not existing!
[1650612708] livestatus: Check_MK Inventory directory '/omd/sites/cmk/var/check_mk/inventory' not existing!
[1650612708] livestatus: Livestatus by tribe29 GmbH started with PID 510
[1650612708] livestatus: version 2.0.0p23 compiled Thu, 14 Apr 2022 08:16:02 +0000 on debian-10
[1650612708] livestatus: built with g++-11 (GCC) 11.2.0, using RE2 regex engine
[1650612708] livestatus: please visit us at https://checkmk.com/
[1650612708] livestatus: socket path = '/omd/sites/cmk/tmp/run/live'
[1650612708] livestatus: pnp path = '/omd/sites/cmk/var/pnp4nagios/perfdata'
[1650612708] livestatus: inventory path = ''
[1650612708] livestatus: structured status path = ''
[1650612708] livestatus: logwatch path = '/omd/sites/cmk/var/check_mk/logwatch'
[1650612708] livestatus: log file path = '/omd/sites/cmk/var/nagios/livestatus.log'
[1650612708] livestatus: mkeventd socket path = '/omd/sites/cmk/tmp/run/mkeventd/status'
[1650612708] livestatus: rrdcached socket path = '/omd/sites/cmk/tmp/run/rrdcached.sock'
[1650612708] livestatus: running on Checkmk site cmk, cool.
[1650612708] livestatus: opened UNIX socket at /omd/sites/cmk/tmp/run/live
[1650612708] livestatus: your event_broker_options are sufficient for livestatus.
[1650612708] livestatus: finished initialization, further log messages go to /omd/sites/cmk/var/nagios/livestatus.log
[1650612708] Event broker module '/omd/sites/cmk/lib/mk-livestatus/livestatus.o' initialized successfully.
[1650612708] Finished daemonizing... (New PID=511)
[1650612708] livestatus: TIMEPERIOD TRANSITION: 24X7;-1;1
[1650612708] livestatus: Timeperiod cache not updated, there are no timeperiods (yet)
[1650612708] livestatus: logging initial states
[1650612708] livestatus: starting main thread and 20 client threads
[1650612708] livestatus: default stack size is 8388608
[1650612708] livestatus: setting thread stack size to 1048576
[1650612768] livestatus: Timeperiod cache not updated, there are no timeperiods (yet)
[1650612828] livestatus: Timeperiod cache not updated, there are no timeperiods (yet)
[1650612889] livestatus: Timeperiod cache not updated, there are no timeperiods (yet)
[1650612949] livestatus: Timeperiod cache not updated, there are no timeperiods (yet)
[1650613009] livestatus: Timeperiod cache not updated, there are no timeperiods (yet)
[1650613069] livestatus: Timeperiod cache not updated, there are no timeperiods (yet)
[1650613129] livestatus: Timeperiod cache not updated, there are no timeperiods (yet)
[1650613189] livestatus: Timeperiod cache not updated, there are no timeperiods (yet)
[1650613249] livestatus: Timeperiod cache not updated, there are no timeperiods (yet)
[1650613309] livestatus: Timeperiod cache not updated, there are no timeperiods (yet)
[1650613369] livestatus: Timeperiod cache not updated, there are no timeperiods (yet)
[1650613429] livestatus: Timeperiod cache not updated, there are no timeperiods (yet)
[1650613489] livestatus: Timeperiod cache not updated, there are no timeperiods (yet)
[1650613549] livestatus: Timeperiod cache not updated, there are no timeperiods (yet)
[1650613609] livestatus: Timeperiod cache not updated, there are no timeperiods (yet)
[1650613669] livestatus: Timeperiod cache not updated, there are no timeperiods (yet)
[1650613729] livestatus: Timeperiod cache not updated, there are no timeperiods (yet)
[1650613789] livestatus: Timeperiod cache not updated, there are no timeperiods (yet)
[1650613849] livestatus: Timeperiod cache not updated, there are no timeperiods (yet)
[1650613909] livestatus: Timeperiod cache not updated, there are no timeperiods (yet)
[1650613969] livestatus: Timeperiod cache not updated, there are no timeperiods (yet)
[1650614029] livestatus: Timeperiod cache not updated, there are no timeperiods (yet)
[1650614089] livestatus: Timeperiod cache not updated, there are no timeperiods (yet)
[1650614149] livestatus: Timeperiod cache not updated, there are no timeperiods (yet)
[1650614209] livestatus: Timeperiod cache not updated, there are no timeperiods (yet)
[1650614270] livestatus: Timeperiod cache not updated, there are no timeperiods (yet)
[1650614330] livestatus: Timeperiod cache not updated, there are no timeperiods (yet)
[1650614390] livestatus: Timeperiod cache not updated, there are no timeperiods (yet)
[1650614450] livestatus: Timeperiod cache not updated, there are no timeperiods (yet)
[1650614510] livestatus: Timeperiod cache not updated, there are no timeperiods (yet)
[1650614570] livestatus: Timeperiod cache not updated, there are no timeperiods (yet)
[1650614630] livestatus: Timeperiod cache not updated, there are no timeperiods (yet)
[1650614690] livestatus: Timeperiod cache not updated, there are no timeperiods (yet)
[1650614727] Caught SIGTERM, shutting down...
[1650614727] Successfully shutdown... (PID=511)
[1650614727] npcdmod: If you don't like me, I will go out! Bye.
[1650614727] Event broker module '/omd/sites/cmk/lib/npcdmod.o' deinitialized successfully.
[1650614727] livestatus: deinitializing
[1650614727] livestatus: waiting for main to terminate...
[1650614729] livestatus: waiting for client threads to terminate...
[1650614729] livestatus: cannot join thread main: No such process
[1650614729] livestatus: main thread + 20 client threads have finished
[1650614729] Event broker module '/omd/sites/cmk/lib/mk-livestatus/livestatus.o' deinitialized successfully.
[1650614743] Nagios 3.5.1 starting... (PID=72)
[1650614743] Local time is Fri Apr 22 10:05:43 CEST 2022
[1650614743] LOG VERSION: 2.0
[1650614743] npcdmod: Copyright (c) 2008-2009 Hendrik Baecker (andurin@process-zero.de) - http://www.pnp4nagios.org
[1650614743] npcdmod: /omd/sites/cmk/etc/pnp4nagios/npcd.cfg initialized
[1650614743] npcdmod: spool_dir = '/omd/sites/cmk/var/pnp4nagios/spool/'.
[1650614743] npcdmod: perfdata file '/omd/sites/cmk/var/pnp4nagios/perfdata.dump'.
[1650614743] npcdmod: Ready to run to have some fun!
[1650614743] Event broker module '/omd/sites/cmk/lib/npcdmod.o' initialized successfully.
[1650614743] livestatus: setting number of client threads to 20
[1650614743] livestatus: Path to the license usage '/omd/sites/cmk/var/check_mk/license_usage/history.json' not existing!
[1650614743] livestatus: Check_MK Inventory directory '/omd/sites/cmk/var/check_mk/inventory' not existing!
[1650614743] livestatus: Livestatus by tribe29 GmbH started with PID 72
[1650614743] livestatus: version 2.0.0p23 compiled Thu, 14 Apr 2022 08:16:02 +0000 on debian-10
[1650614743] livestatus: built with g++-11 (GCC) 11.2.0, using RE2 regex engine
[1650614743] livestatus: please visit us at https://checkmk.com/
[1650614743] livestatus: socket path = '/omd/sites/cmk/tmp/run/live'
[1650614743] livestatus: pnp path = '/omd/sites/cmk/var/pnp4nagios/perfdata'
[1650614743] livestatus: inventory path = ''
[1650614743] livestatus: structured status path = ''
[1650614743] livestatus: logwatch path = '/omd/sites/cmk/var/check_mk/logwatch'
[1650614743] livestatus: log file path = '/omd/sites/cmk/var/nagios/livestatus.log'
[1650614743] livestatus: mkeventd socket path = '/omd/sites/cmk/tmp/run/mkeventd/status'
[1650614743] livestatus: rrdcached socket path = '/omd/sites/cmk/tmp/run/rrdcached.sock'
[1650614743] livestatus: running on Checkmk site cmk, cool.
[1650614743] livestatus: opened UNIX socket at /omd/sites/cmk/tmp/run/live
[1650614743] livestatus: your event_broker_options are sufficient for livestatus.
[1650614743] livestatus: finished initialization, further log messages go to /omd/sites/cmk/var/nagios/livestatus.log
[1650614743] Event broker module '/omd/sites/cmk/lib/mk-livestatus/livestatus.o' initialized successfully.
[1650614743] Finished daemonizing... (New PID=73)
[1650614743] livestatus: TIMEPERIOD TRANSITION: 24X7;-1;1
[1650614743] livestatus: Timeperiod cache not updated, there are no timeperiods (yet)
[1650614743] livestatus: logging initial states
[1650614743] livestatus: starting main thread and 20 client threads
[1650614743] livestatus: default stack size is 8388608
[1650614743] livestatus: setting thread stack size to 1048576
[1650614803] livestatus: Timeperiod cache not updated, there are no timeperiods (yet)
[1650614863] livestatus: Timeperiod cache not updated, there are no timeperiods (yet)
[1650614923] livestatus: Timeperiod cache not updated, there are no timeperiods (yet)
[1650614983] livestatus: Timeperiod cache not updated, there are no timeperiods (yet)
[1650615043] livestatus: Timeperiod cache not updated, there are no timeperiods (yet)
[1650615103] livestatus: Timeperiod cache not updated, there are no timeperiods (yet)
[1650615163] livestatus: Timeperiod cache not updated, there are no timeperiods (yet)
[1650615223] livestatus: Timeperiod cache not updated, there are no timeperiods (yet)
[1650615283] livestatus: Timeperiod cache not updated, there are no timeperiods (yet)
[1650615343] livestatus: Timeperiod cache not updated, there are no timeperiods (yet)
[1650615403] livestatus: Timeperiod cache not updated, there are no timeperiods (yet)
[1650615463] livestatus: Timeperiod cache not updated, there are no timeperiods (yet)
[1650615523] livestatus: Timeperiod cache not updated, there are no timeperiods (yet)
[1650615583] livestatus: Timeperiod cache not updated, there are no timeperiods (yet)
[1650615643] livestatus: Timeperiod cache not updated, there are no timeperiods (yet)
[1650615703] livestatus: Timeperiod cache not updated, there are no timeperiods (yet)
[1650615763] livestatus: Timeperiod cache not updated, there are no timeperiods (yet)
[1650615823] livestatus: Timeperiod cache not updated, there are no timeperiods (yet)
[1650615883] livestatus: Timeperiod cache not updated, there are no timeperiods (yet)
[1650615944] livestatus: Timeperiod cache not updated, there are no timeperiods (yet)
[1650616004] livestatus: Timeperiod cache not updated, there are no timeperiods (yet)
[1650616064] livestatus: Timeperiod cache not updated, there are no timeperiods (yet)
[1650616124] livestatus: Timeperiod cache not updated, there are no timeperiods (yet)
[1650616184] livestatus: Timeperiod cache not updated, there are no timeperiods (yet)
[1650616244] livestatus: Timeperiod cache not updated, there are no timeperiods (yet)
[1650616304] livestatus: Timeperiod cache not updated, there are no timeperiods (yet)
[1650616364] livestatus: Timeperiod cache not updated, there are no timeperiods (yet)
[1650616424] livestatus: Timeperiod cache not updated, there are no timeperiods (yet)
[1650616484] livestatus: Timeperiod cache not updated, there are no timeperiods (yet)
[1650616544] livestatus: Timeperiod cache not updated, there are no timeperiods (yet)
[1650616604] livestatus: Timeperiod cache not updated, there are no timeperiods (yet)
[1650616664] livestatus: Timeperiod cache not updated, there are no timeperiods (yet)
[1650616724] livestatus: Timeperiod cache not updated, there are no timeperiods (yet)
[1650616784] livestatus: Timeperiod cache not updated, there are no timeperiods (yet)
[1650616844] livestatus: Timeperiod cache not updated, there are no timeperiods (yet)
[1650616904] livestatus: Timeperiod cache not updated, there are no timeperiods (yet)
[1650616964] livestatus: Timeperiod cache not updated, there are no timeperiods (yet)
[1650617024] livestatus: Timeperiod cache not updated, there are no timeperiods (yet)
[1650617084] livestatus: Timeperiod cache not updated, there are no timeperiods (yet)
[1650617144] livestatus: Timeperiod cache not updated, there are no timeperiods (yet)
[1650617204] livestatus: Timeperiod cache not updated, there are no timeperiods (yet)
[1650617265] livestatus: Timeperiod cache not updated, there are no timeperiods (yet)
[1650617325] livestatus: Timeperiod cache not updated, there are no timeperiods (yet)
[1650617385] livestatus: Timeperiod cache not updated, there are no timeperiods (yet)
[1650617445] livestatus: Timeperiod cache not updated, there are no timeperiods (yet)
[1650617505] livestatus: Timeperiod cache not updated, there are no timeperiods (yet)
[1650617565] livestatus: Timeperiod cache not updated, there are no timeperiods (yet)
[1650617625] livestatus: Timeperiod cache not updated, there are no timeperiods (yet)
[1650617685] livestatus: Timeperiod cache not updated, there are no timeperiods (yet)
[1650617745] livestatus: Timeperiod cache not updated, there are no timeperiods (yet)
[1650617805] livestatus: Timeperiod cache not updated, there are no timeperiods (yet)
[1650617865] livestatus: Timeperiod cache not updated, there are no timeperiods (yet)
[1650617925] livestatus: Timeperiod cache not updated, there are no timeperiods (yet)
[1650617985] livestatus: Timeperiod cache not updated, there are no timeperiods (yet)
[1650618045] livestatus: Timeperiod cache not updated, there are no timeperiods (yet)
[1650618105] livestatus: Timeperiod cache not updated, there are no timeperiods (yet)
[1650618165] livestatus: Timeperiod cache not updated, there are no timeperiods (yet)
[1650618225] livestatus: Timeperiod cache not updated, there are no timeperiods (yet)
[1650618285] livestatus: Timeperiod cache not updated, there are no timeperiods (yet)
[1650618343] Auto-save of retention data completed successfully.
[1650618345] livestatus: Timeperiod cache not updated, there are no timeperiods (yet)
[1650618405] livestatus: Timeperiod cache not updated, there are no timeperiods (yet)
[1650618465] livestatus: Timeperiod cache not updated, there are no timeperiods (yet)
[1650618525] livestatus: Timeperiod cache not updated, there are no timeperiods (yet)
[1650618585] livestatus: Timeperiod cache not updated, there are no timeperiods (yet)
[1650618646] livestatus: Timeperiod cache not updated, there are no timeperiods (yet)
[1650618706] livestatus: Timeperiod cache not updated, there are no timeperiods (yet)
[1650618766] livestatus: Timeperiod cache not updated, there are no timeperiods (yet)
[1650618826] livestatus: Timeperiod cache not updated, there are no timeperiods (yet)
[1650618886] livestatus: Timeperiod cache not updated, there are no timeperiods (yet)
[1650618946] livestatus: Timeperiod cache not updated, there are no timeperiods (yet)
[1650619006] livestatus: Timeperiod cache not updated, there are no timeperiods (yet)
[1650619066] livestatus: Timeperiod cache not updated, there are no timeperiods (yet)
[1650619126] livestatus: Timeperiod cache not updated, there are no timeperiods (yet)
[1650619186] livestatus: Timeperiod cache not updated, there are no timeperiods (yet)
[1650619246] livestatus: Timeperiod cache not updated, there are no timeperiods (yet)
[1650619306] livestatus: Timeperiod cache not updated, there are no timeperiods (yet)
[1650619366] livestatus: Timeperiod cache not updated, there are no timeperiods (yet)
[1650619426] livestatus: Timeperiod cache not updated, there are no timeperiods (yet)
[1650619486] livestatus: Timeperiod cache not updated, there are no timeperiods (yet)
[1650619546] livestatus: Timeperiod cache not updated, there are no timeperiods (yet)
[1650619606] livestatus: Timeperiod cache not updated, there are no timeperiods (yet)
[1650619666] livestatus: Timeperiod cache not updated, there are no timeperiods (yet)
[1650619726] livestatus: Timeperiod cache not updated, there are no timeperiods (yet)
[1650619786] livestatus: Timeperiod cache not updated, there are no timeperiods (yet)
[1650619846] livestatus: Timeperiod cache not updated, there are no timeperiods (yet)
[1650619906] livestatus: Timeperiod cache not updated, there are no timeperiods (yet)
[1650619967] livestatus: Timeperiod cache not updated, there are no timeperiods (yet)
[1650620027] livestatus: Timeperiod cache not updated, there are no timeperiods (yet)
[1650620087] livestatus: Timeperiod cache not updated, there are no timeperiods (yet)
[1650620147] livestatus: Timeperiod cache not updated, there are no timeperiods (yet)
[1650620207] livestatus: Timeperiod cache not updated, there are no timeperiods (yet)
[1650620267] livestatus: Timeperiod cache not updated, there are no timeperiods (yet)
[1650620327] livestatus: Timeperiod cache not updated, there are no timeperiods (yet)
[1650620387] livestatus: Timeperiod cache not updated, there are no timeperiods (yet)
[1650620447] livestatus: Timeperiod cache not updated, there are no timeperiods (yet)
[1650620507] livestatus: Timeperiod cache not updated, there are no timeperiods (yet)
[1650620567] livestatus: Timeperiod cache not updated, there are no timeperiods (yet)
[1650620627] livestatus: Timeperiod cache not updated, there are no timeperiods (yet)
[1650620687] livestatus: Timeperiod cache not updated, there are no timeperiods (yet)
[1650620747] livestatus: Timeperiod cache not updated, there are no timeperiods (yet)
[1650620807] livestatus: Timeperiod cache not updated, there are no timeperiods (yet)
[1650620867] livestatus: Timeperiod cache not updated, there are no timeperiods (yet)
[1650620927] livestatus: Timeperiod cache not updated, there are no timeperiods (yet)
[1650620987] livestatus: Timeperiod cache not updated, there are no timeperiods (yet)
[1650621047] livestatus: Timeperiod cache not updated, there are no timeperiods (yet)
[1650621107] livestatus: Timeperiod cache not updated, there are no timeperiods (yet)
[1650621167] livestatus: Timeperiod cache not updated, there are no timeperiods (yet)
[1650621227] livestatus: Timeperiod cache not updated, there are no timeperiods (yet)
[1650621287] livestatus: Timeperiod cache not updated, there are no timeperiods (yet)
[1650621348] livestatus: Timeperiod cache not updated, there are no timeperiods (yet)
[1650621408] livestatus: Timeperiod cache not updated, there are no timeperiods (yet)
[1650621468] livestatus: Timeperiod cache not updated, there are no timeperiods (yet)
[1650621528] livestatus: Timeperiod cache not updated, there are no timeperiods (yet)
[1650621588] livestatus: Timeperiod cache not updated, there are no timeperiods (yet)
[1650621648] livestatus: Timeperiod cache not updated, there are no timeperiods (yet)
[1650621708] livestatus: Timeperiod cache not updated, there are no timeperiods (yet)
[1650621768] livestatus: Timeperiod cache not updated, there are no timeperiods (yet)
[1650621828] livestatus: Timeperiod cache not updated, there are no timeperiods (yet)
[1650621888] livestatus: Timeperiod cache not updated, there are no timeperiods (yet)
[1650621943] Auto-save of retention data completed successfully.
[1650621948] livestatus: Timeperiod cache not updated, there are no timeperiods (yet)
[1650622008] livestatus: Timeperiod cache not updated, there are no timeperiods (yet)
[1650622068] livestatus: Timeperiod cache not updated, there are no timeperiods (yet)
[1650622128] livestatus: Timeperiod cache not updated, there are no timeperiods (yet)
[1650622188] livestatus: Timeperiod cache not updated, there are no timeperiods (yet)
[1650622248] livestatus: Timeperiod cache not updated, there are no timeperiods (yet)
[1650622308] livestatus: Timeperiod cache not updated, there are no timeperiods (yet)
[1650622368] livestatus: Timeperiod cache not updated, there are no timeperiods (yet)
[1650622428] livestatus: Timeperiod cache not updated, there are no timeperiods (yet)
[1650622488] livestatus: Timeperiod cache not updated, there are no timeperiods (yet)
[1650622548] livestatus: Timeperiod cache not updated, there are no timeperiods (yet)
[1650622608] livestatus: Timeperiod cache not updated, there are no timeperiods (yet)
[1650622668] livestatus: Timeperiod cache not updated, there are no timeperiods (yet)
[1650622729] livestatus: Timeperiod cache not updated, there are no timeperiods (yet)
[1650622789] livestatus: Timeperiod cache not updated, there are no timeperiods (yet)
[1650622849] livestatus: Timeperiod cache not updated, there are no timeperiods (yet)
[1650622909] livestatus: Timeperiod cache not updated, there are no timeperiods (yet)
[1650622969] livestatus: Timeperiod cache not updated, there are no timeperiods (yet)
[1650623029] livestatus: Timeperiod cache not updated, there are no timeperiods (yet)
[1650623089] livestatus: Timeperiod cache not updated, there are no timeperiods (yet)
[1650623149] livestatus: Timeperiod cache not updated, there are no timeperiods (yet)
[1650623209] livestatus: Timeperiod cache not updated, there are no timeperiods (yet)
[1650623269] livestatus: Timeperiod cache not updated, there are no timeperiods (yet)
[1650623329] livestatus: Timeperiod cache not updated, there are no timeperiods (yet)
[1650623389] livestatus: Timeperiod cache not updated, there are no timeperiods (yet)
[1650623449] livestatus: Timeperiod cache not updated, there are no timeperiods (yet)
[1650623509] livestatus: Timeperiod cache not updated, there are no timeperiods (yet)
[1650623569] livestatus: Timeperiod cache not updated, there are no timeperiods (yet)
[1650623629] livestatus: Timeperiod cache not updated, there are no timeperiods (yet)
[1650623689] livestatus: Timeperiod cache not updated, there are no timeperiods (yet)
[1650623749] livestatus: Timeperiod cache not updated, there are no timeperiods (yet)
[1650623809] livestatus: Timeperiod cache not updated, there are no timeperiods (yet)
[1650623869] livestatus: Timeperiod cache not updated, there are no timeperiods (yet)
[1650623929] livestatus: Timeperiod cache not updated, there are no timeperiods (yet)
[1650623990] livestatus: Timeperiod cache not updated, there are no timeperiods (yet)
[1650624050] livestatus: Timeperiod cache not updated, there are no timeperiods (yet)
[1650624110] livestatus: Timeperiod cache not updated, there are no timeperiods (yet)
[1650624170] livestatus: Timeperiod cache not updated, there are no timeperiods (yet)
[1650624230] livestatus: Timeperiod cache not updated, there are no timeperiods (yet)
[1650624290] livestatus: Timeperiod cache not updated, there are no timeperiods (yet)
[1650624350] livestatus: Timeperiod cache not updated, there are no timeperiods (yet)
[1650624410] livestatus: Timeperiod cache not updated, there are no timeperiods (yet)
[1650624470] livestatus: Timeperiod cache not updated, there are no timeperiods (yet)
[1650624530] livestatus: Timeperiod cache not updated, there are no timeperiods (yet)
[1650624590] livestatus: Timeperiod cache not updated, there are no timeperiods (yet)
[1650624650] livestatus: Timeperiod cache not updated, there are no timeperiods (yet)
[1650624710] livestatus: Timeperiod cache not updated, there are no timeperiods (yet)
[1650624770] livestatus: Timeperiod cache not updated, there are no timeperiods (yet)
[1650624830] livestatus: Timeperiod cache not updated, there are no timeperiods (yet)
[1650624890] livestatus: Timeperiod cache not updated, there are no timeperiods (yet)
[1650624950] livestatus: Timeperiod cache not updated, there are no timeperiods (yet)
[1650625010] livestatus: Timeperiod cache not updated, there are no timeperiods (yet)
[1650625070] livestatus: Timeperiod cache not updated, there are no timeperiods (yet)
[1650625130] livestatus: Timeperiod cache not updated, there are no timeperiods (yet)
[1650625191] livestatus: Timeperiod cache not updated, there are no timeperiods (yet)
[1650625251] livestatus: Timeperiod cache not updated, there are no timeperiods (yet)
[1650625311] livestatus: Timeperiod cache not updated, there are no timeperiods (yet)
[1650625371] livestatus: Timeperiod cache not updated, there are no timeperiods (yet)
[1650625431] livestatus: Timeperiod cache not updated, there are no timeperiods (yet)
[1650625491] livestatus: Timeperiod cache not updated, there are no timeperiods (yet)
[1650625543] Auto-save of retention data completed successfully.
[1650625551] livestatus: Timeperiod cache not updated, there are no timeperiods (yet)
[1650625611] livestatus: Timeperiod cache not updated, there are no timeperiods (yet)
[1650625671] livestatus: Timeperiod cache not updated, there are no timeperiods (yet)
[1650625731] livestatus: Timeperiod cache not updated, there are no timeperiods (yet)
[1650625791] livestatus: Timeperiod cache not updated, there are no timeperiods (yet)
[1650625851] livestatus: Timeperiod cache not updated, there are no timeperiods (yet)
[1650625911] livestatus: Timeperiod cache not updated, there are no timeperiods (yet)
[1650625971] livestatus: Timeperiod cache not updated, there are no timeperiods (yet)
[1650626031] livestatus: Timeperiod cache not updated, there are no timeperiods (yet)
[1650626091] livestatus: Timeperiod cache not updated, there are no timeperiods (yet)
[1650626151] livestatus: Timeperiod cache not updated, there are no timeperiods (yet)
[1650626211] livestatus: Timeperiod cache not updated, there are no timeperiods (yet)
[1650626271] livestatus: Timeperiod cache not updated, there are no timeperiods (yet)
[1650626332] livestatus: Timeperiod cache not updated, there are no timeperiods (yet)
[1650626392] livestatus: Timeperiod cache not updated, there are no timeperiods (yet)
[1650626452] livestatus: Timeperiod cache not updated, there are no timeperiods (yet)
[1650626512] livestatus: Timeperiod cache not updated, there are no timeperiods (yet)
[1650626572] livestatus: Timeperiod cache not updated, there are no timeperiods (yet)
[1650626632] livestatus: Timeperiod cache not updated, there are no timeperiods (yet)
[1650626692] livestatus: Timeperiod cache not updated, there are no timeperiods (yet)
[1650626752] livestatus: Timeperiod cache not updated, there are no timeperiods (yet)
[1650626812] livestatus: Timeperiod cache not updated, there are no timeperiods (yet)
[1650626872] livestatus: Timeperiod cache not updated, there are no timeperiods (yet)
[1650626932] livestatus: Timeperiod cache not updated, there are no timeperiods (yet)
[1650626992] livestatus: Timeperiod cache not updated, there are no timeperiods (yet)
[1650627052] livestatus: Timeperiod cache not updated, there are no timeperiods (yet)
[1650627112] livestatus: Timeperiod cache not updated, there are no timeperiods (yet)
[1650627172] livestatus: Timeperiod cache not updated, there are no timeperiods (yet)
[1650627232] livestatus: Timeperiod cache not updated, there are no timeperiods (yet)
[1650627292] livestatus: Timeperiod cache not updated, there are no timeperiods (yet)
[1650627352] livestatus: Timeperiod cache not updated, there are no timeperiods (yet)
[1650627412] livestatus: Timeperiod cache not updated, there are no timeperiods (yet)
[1650627473] livestatus: Timeperiod cache not updated, there are no timeperiods (yet)
[1650627533] livestatus: Timeperiod cache not updated, there are no timeperiods (yet)
[1650627593] livestatus: Timeperiod cache not updated, there are no timeperiods (yet)
[1650627653] livestatus: Timeperiod cache not updated, there are no timeperiods (yet)
[1650627713] livestatus: Timeperiod cache not updated, there are no timeperiods (yet)
[1650627773] livestatus: Timeperiod cache not updated, there are no timeperiods (yet)
[1650627833] livestatus: Timeperiod cache not updated, there are no timeperiods (yet)
[1650627893] livestatus: Timeperiod cache not updated, there are no timeperiods (yet)
[1650627953] livestatus: Timeperiod cache not updated, there are no timeperiods (yet)
[1650628013] livestatus: Timeperiod cache not updated, there are no timeperiods (yet)
[1650628073] livestatus: Timeperiod cache not updated, there are no timeperiods (yet)
[1650628133] livestatus: Timeperiod cache not updated, there are no timeperiods (yet)
[1650628193] livestatus: Timeperiod cache not updated, there are no timeperiods (yet)
[1650628253] livestatus: Timeperiod cache not updated, there are no timeperiods (yet)
[1650628313] livestatus: Timeperiod cache not updated, there are no timeperiods (yet)
[1650628373] livestatus: Timeperiod cache not updated, there are no timeperiods (yet)
[1650628433] livestatus: Timeperiod cache not updated, there are no timeperiods (yet)
[1650628493] livestatus: Timeperiod cache not updated, there are no timeperiods (yet)
[1650628553] livestatus: Timeperiod cache not updated, there are no timeperiods (yet)
[1650628613] livestatus: Timeperiod cache not updated, there are no timeperiods (yet)
[1650628673] livestatus: Timeperiod cache not updated, there are no timeperiods (yet)
[1650628734] livestatus: Timeperiod cache not updated, there are no timeperiods (yet)
[1650628794] livestatus: Timeperiod cache not updated, there are no timeperiods (yet)
[1650628854] livestatus: Timeperiod cache not updated, there are no timeperiods (yet)
[1650628914] livestatus: Timeperiod cache not updated, there are no timeperiods (yet)
[1650628974] livestatus: Timeperiod cache not updated, there are no timeperiods (yet)
[1650629034] livestatus: Timeperiod cache not updated, there are no timeperiods (yet)
[1650629094] livestatus: Timeperiod cache not updated, there are no timeperiods (yet)
[1650629143] Auto-save of retention data completed successfully.
[1650629154] livestatus: Timeperiod cache not updated, there are no timeperiods (yet)
[1650629214] livestatus: Timeperiod cache not updated, there are no timeperiods (yet)
[1650629274] livestatus: Timeperiod cache not updated, there are no timeperiods (yet)
[1650629334] livestatus: Timeperiod cache not updated, there are no timeperiods (yet)
[1650629394] livestatus: Timeperiod cache not updated, there are no timeperiods (yet)
[1650629454] livestatus: Timeperiod cache not updated, there are no timeperiods (yet)
[1650629514] livestatus: Timeperiod cache not updated, there are no timeperiods (yet)
[1650629574] livestatus: Timeperiod cache not updated, there are no timeperiods (yet)
[1650629634] livestatus: Timeperiod cache not updated, there are no timeperiods (yet)
[1650629694] livestatus: Timeperiod cache not updated, there are no timeperiods (yet)
[1650629754] livestatus: Timeperiod cache not updated, there are no timeperiods (yet)
[1650629814] livestatus: Timeperiod cache not updated, there are no timeperiods (yet)
[1650629875] livestatus: Timeperiod cache not updated, there are no timeperiods (yet)
[1650629935] livestatus: Timeperiod cache not updated, there are no timeperiods (yet)
[1650629995] livestatus: Timeperiod cache not updated, there are no timeperiods (yet)
[1650630055] livestatus: Timeperiod cache not updated, there are no timeperiods (yet)
[1650630115] livestatus: Timeperiod cache not updated, there are no timeperiods (yet)
[1650630175] livestatus: Timeperiod cache not updated, there are no timeperiods (yet)
[1650630235] livestatus: Timeperiod cache not updated, there are no timeperiods (yet)
[1650630295] livestatus: Timeperiod cache not updated, there are no timeperiods (yet)
[1650630355] livestatus: Timeperiod cache not updated, there are no timeperiods (yet)
[1650630415] livestatus: Timeperiod cache not updated, there are no timeperiods (yet)
[1650630475] livestatus: Timeperiod cache not updated, there are no timeperiods (yet)
[1650630535] livestatus: Timeperiod cache not updated, there are no timeperiods (yet)
[1650630595] livestatus: Timeperiod cache not updated, there are no timeperiods (yet)
[1650630655] livestatus: Timeperiod cache not updated, there are no timeperiods (yet)
[1650630715] livestatus: Timeperiod cache not updated, there are no timeperiods (yet)
[1650630775] livestatus: Timeperiod cache not updated, there are no timeperiods (yet)
[1650630835] livestatus: Timeperiod cache not updated, there are no timeperiods (yet)
[1650630895] livestatus: Timeperiod cache not updated, there are no timeperiods (yet)
[1650630955] livestatus: Timeperiod cache not updated, there are no timeperiods (yet)
[1650631015] livestatus: Timeperiod cache not updated, there are no timeperiods (yet)
[1650631076] livestatus: Timeperiod cache not updated, there are no timeperiods (yet)
[1650631136] livestatus: Timeperiod cache not updated, there are no timeperiods (yet)
[1650631196] livestatus: Timeperiod cache not updated, there are no timeperiods (yet)
[1650631256] livestatus: Timeperiod cache not updated, there are no timeperiods (yet)
[1650631316] livestatus: Timeperiod cache not updated, there are no timeperiods (yet)
[1650631376] livestatus: Timeperiod cache not updated, there are no timeperiods (yet)
[1650631436] livestatus: Timeperiod cache not updated, there are no timeperiods (yet)
[1650631496] livestatus: Timeperiod cache not updated, there are no timeperiods (yet)
[1650631556] livestatus: Timeperiod cache not updated, there are no timeperiods (yet)
[1650631616] livestatus: Timeperiod cache not updated, there are no timeperiods (yet)
[1650631676] livestatus: Timeperiod cache not updated, there are no timeperiods (yet)
[1650631736] livestatus: Timeperiod cache not updated, there are no timeperiods (yet)
[1650631796] livestatus: Timeperiod cache not updated, there are no timeperiods (yet)
[1650631856] livestatus: Timeperiod cache not updated, there are no timeperiods (yet)
[1650631916] livestatus: Timeperiod cache not updated, there are no timeperiods (yet)
[1650631976] livestatus: Timeperiod cache not updated, there are no timeperiods (yet)
[1650632036] livestatus: Timeperiod cache not updated, there are no timeperiods (yet)
[1650632096] livestatus: Timeperiod cache not updated, there are no timeperiods (yet)
[1650632156] livestatus: Timeperiod cache not updated, there are no timeperiods (yet)
[1650632216] livestatus: Timeperiod cache not updated, there are no timeperiods (yet)
[1650632277] livestatus: Timeperiod cache not updated, there are no timeperiods (yet)
[1650632337] livestatus: Timeperiod cache not updated, there are no timeperiods (yet)
[1650632397] livestatus: Timeperiod cache not updated, there are no timeperiods (yet)
[1650632457] livestatus: Timeperiod cache not updated, there are no timeperiods (yet)
[1650632517] livestatus: Timeperiod cache not updated, there are no timeperiods (yet)
[1650632577] livestatus: Timeperiod cache not updated, there are no timeperiods (yet)
[1650632637] livestatus: Timeperiod cache not updated, there are no timeperiods (yet)
[1650632697] livestatus: Timeperiod cache not updated, there are no timeperiods (yet)
[1650632743] Auto-save of retention data completed successfully.
[1650632757] livestatus: Timeperiod cache not updated, there are no timeperiods (yet)
[1650632817] livestatus: Timeperiod cache not updated, there are no timeperiods (yet)
[1650632877] livestatus: Timeperiod cache not updated, there are no timeperiods (yet)
[1650632937] livestatus: Timeperiod cache not updated, there are no timeperiods (yet)
[1650632997] livestatus: Timeperiod cache not updated, there are no timeperiods (yet)
[1650633057] livestatus: Timeperiod cache not updated, there are no timeperiods (yet)
[1650633117] livestatus: Timeperiod cache not updated, there are no timeperiods (yet)
[1650633177] livestatus: Timeperiod cache not updated, there are no timeperiods (yet)
[1650633237] livestatus: Timeperiod cache not updated, there are no timeperiods (yet)
[1650633297] livestatus: Timeperiod cache not updated, there are no timeperiods (yet)
[1650633357] livestatus: Timeperiod cache not updated, there are no timeperiods (yet)
[1650633417] livestatus: Timeperiod cache not updated, there are no timeperiods (yet)
[1650633478] livestatus: Timeperiod cache not updated, there are no timeperiods (yet)
[1650633538] livestatus: Timeperiod cache not updated, there are no timeperiods (yet)
[1650633598] livestatus: Timeperiod cache not updated, there are no timeperiods (yet)
[1650633658] livestatus: Timeperiod cache not updated, there are no timeperiods (yet)
[1650633718] livestatus: Timeperiod cache not updated, there are no timeperiods (yet)
[1650633778] livestatus: Timeperiod cache not updated, there are no timeperiods (yet)
[1650633838] livestatus: Timeperiod cache not updated, there are no timeperiods (yet)
[1650633898] livestatus: Timeperiod cache not updated, there are no timeperiods (yet)
[1650633958] livestatus: Timeperiod cache not updated, there are no timeperiods (yet)
[1650634018] livestatus: Timeperiod cache not updated, there are no timeperiods (yet)
[1650634078] livestatus: Timeperiod cache not updated, there are no timeperiods (yet)
[1650634138] livestatus: Timeperiod cache not updated, there are no timeperiods (yet)
[1650634198] livestatus: Timeperiod cache not updated, there are no timeperiods (yet)
[1650634258] livestatus: Timeperiod cache not updated, there are no timeperiods (yet)
[1650634318] livestatus: Timeperiod cache not updated, there are no timeperiods (yet)
[1650634378] livestatus: Timeperiod cache not updated, there are no timeperiods (yet)
[1650634438] livestatus: Timeperiod cache not updated, there are no timeperiods (yet)
[1650634498] livestatus: Timeperiod cache not updated, there are no timeperiods (yet)
[1650634558] livestatus: Timeperiod cache not updated, there are no timeperiods (yet)
[1650634618] livestatus: Timeperiod cache not updated, there are no timeperiods (yet)
[1650634678] livestatus: Timeperiod cache not updated, there are no timeperiods (yet)
[1650634739] livestatus: Timeperiod cache not updated, there are no timeperiods (yet)
[1650634799] livestatus: Timeperiod cache not updated, there are no timeperiods (yet)
[1650634859] livestatus: Timeperiod cache not updated, there are no timeperiods (yet)
[1650634919] livestatus: Timeperiod cache not updated, there are no timeperiods (yet)
[1650634979] livestatus: Timeperiod cache not updated, there are no timeperiods (yet)
[1650635039] livestatus: Timeperiod cache not updated, there are no timeperiods (yet)
[1650635099] livestatus: Timeperiod cache not updated, there are no timeperiods (yet)
[1650635159] livestatus: Timeperiod cache not updated, there are no timeperiods (yet)
[1650635219] livestatus: Timeperiod cache not updated, there are no timeperiods (yet)
[1650635279] livestatus: Timeperiod cache not updated, there are no timeperiods (yet)
[1650635339] livestatus: Timeperiod cache not updated, there are no timeperiods (yet)
[1650635399] livestatus: Timeperiod cache not updated, there are no timeperiods (yet)
[1650635459] livestatus: Timeperiod cache not updated, there are no timeperiods (yet)
[1650635519] livestatus: Timeperiod cache not updated, there are no timeperiods (yet)
[1650635579] livestatus: Timeperiod cache not updated, there are no timeperiods (yet)
[1650635639] livestatus: Timeperiod cache not updated, there are no timeperiods (yet)
[1650635699] livestatus: Timeperiod cache not updated, there are no timeperiods (yet)
[1650635759] livestatus: Timeperiod cache not updated, there are no timeperiods (yet)
[1650635819] livestatus: Timeperiod cache not updated, there are no timeperiods (yet)
[1650635879] livestatus: Timeperiod cache not updated, there are no timeperiods (yet)
[1650635940] livestatus: Timeperiod cache not updated, there are no timeperiods (yet)
[1650636000] livestatus: Timeperiod cache not updated, there are no timeperiods (yet)
[1650636060] livestatus: Timeperiod cache not updated, there are no timeperiods (yet)
[1650636120] livestatus: Timeperiod cache not updated, there are no timeperiods (yet)
[1650636180] livestatus: Timeperiod cache not updated, there are no timeperiods (yet)
[1650636240] livestatus: Timeperiod cache not updated, there are no timeperiods (yet)
[1650636300] livestatus: Timeperiod cache not updated, there are no timeperiods (yet)
[1650636343] Auto-save of retention data completed successfully.
[1650636360] livestatus: Timeperiod cache not updated, there are no timeperiods (yet)
[1650636420] livestatus: Timeperiod cache not updated, there are no timeperiods (yet)
[1650636480] livestatus: Timeperiod cache not updated, there are no timeperiods (yet)
[1650636540] livestatus: Timeperiod cache not updated, there are no timeperiods (yet)
[1650636600] livestatus: Timeperiod cache not updated, there are no timeperiods (yet)
[1650636660] livestatus: Timeperiod cache not updated, there are no timeperiods (yet)
[1650636720] livestatus: Timeperiod cache not updated, there are no timeperiods (yet)
[1650636780] livestatus: Timeperiod cache not updated, there are no timeperiods (yet)
[1650636840] livestatus: Timeperiod cache not updated, there are no timeperiods (yet)
[1650636900] livestatus: Timeperiod cache not updated, there are no timeperiods (yet)
[1650636960] livestatus: Timeperiod cache not updated, there are no timeperiods (yet)
[1650637020] livestatus: Timeperiod cache not updated, there are no timeperiods (yet)
[1650637081] livestatus: Timeperiod cache not updated, there are no timeperiods (yet)
[1650637141] livestatus: Timeperiod cache not updated, there are no timeperiods (yet)
[1650637201] livestatus: Timeperiod cache not updated, there are no timeperiods (yet)
[1650637261] livestatus: Timeperiod cache not updated, there are no timeperiods (yet)
[1650637321] livestatus: Timeperiod cache not updated, there are no timeperiods (yet)
[1650637381] livestatus: Timeperiod cache not updated, there are no timeperiods (yet)
[1650637441] livestatus: Timeperiod cache not updated, there are no timeperiods (yet)
[1650637501] livestatus: Timeperiod cache not updated, there are no timeperiods (yet)
[1650637561] livestatus: Timeperiod cache not updated, there are no timeperiods (yet)
[1650637621] livestatus: Timeperiod cache not updated, there are no timeperiods (yet)
[1650637681] livestatus: Timeperiod cache not updated, there are no timeperiods (yet)
[1650637741] livestatus: Timeperiod cache not updated, there are no timeperiods (yet)
[1650637801] livestatus: Timeperiod cache not updated, there are no timeperiods (yet)
[1650637861] livestatus: Timeperiod cache not updated, there are no timeperiods (yet)
[1650637921] livestatus: Timeperiod cache not updated, there are no timeperiods (yet)
[1650637981] livestatus: Timeperiod cache not updated, there are no timeperiods (yet)
[1650638041] livestatus: Timeperiod cache not updated, there are no timeperiods (yet)
[1650638101] livestatus: Timeperiod cache not updated, there are no timeperiods (yet)
[1650638161] livestatus: Timeperiod cache not updated, there are no timeperiods (yet)
[1650638221] livestatus: Timeperiod cache not updated, there are no timeperiods (yet)
[1650638281] livestatus: Timeperiod cache not updated, there are no timeperiods (yet)
[1650638342] livestatus: Timeperiod cache not updated, there are no timeperiods (yet)
[1650638402] livestatus: Timeperiod cache not updated, there are no timeperiods (yet)
[1650638462] livestatus: Timeperiod cache not updated, there are no timeperiods (yet)
[1650638522] livestatus: Timeperiod cache not updated, there are no timeperiods (yet)
[1650638582] livestatus: Timeperiod cache not updated, there are no timeperiods (yet)
[1650638642] livestatus: Timeperiod cache not updated, there are no timeperiods (yet)
[1650638702] livestatus: Timeperiod cache not updated, there are no timeperiods (yet)
[1650638762] livestatus: Timeperiod cache not updated, there are no timeperiods (yet)
[1650638822] livestatus: Timeperiod cache not updated, there are no timeperiods (yet)
[1650638882] livestatus: Timeperiod cache not updated, there are no timeperiods (yet)
[1650638942] livestatus: Timeperiod cache not updated, there are no timeperiods (yet)
[1650639002] livestatus: Timeperiod cache not updated, there are no timeperiods (yet)
[1650639062] livestatus: Timeperiod cache not updated, there are no timeperiods (yet)
[1650639122] livestatus: Timeperiod cache not updated, there are no timeperiods (yet)
[1650639182] livestatus: Timeperiod cache not updated, there are no timeperiods (yet)
[1650639242] livestatus: Timeperiod cache not updated, there are no timeperiods (yet)
[1650639302] livestatus: Timeperiod cache not updated, there are no timeperiods (yet)
[1650639362] livestatus: Timeperiod cache not updated, there are no timeperiods (yet)
[1650639422] livestatus: Timeperiod cache not updated, there are no timeperiods (yet)
[1650639482] livestatus: Timeperiod cache not updated, there are no timeperiods (yet)
[1650639543] livestatus: Timeperiod cache not updated, there are no timeperiods (yet)
[1650639603] livestatus: Timeperiod cache not updated, there are no timeperiods (yet)
[1650639663] livestatus: Timeperiod cache not updated, there are no timeperiods (yet)
[1650639723] livestatus: Timeperiod cache not updated, there are no timeperiods (yet)
[1650639783] livestatus: Timeperiod cache not updated, there are no timeperiods (yet)
[1650639843] livestatus: Timeperiod cache not updated, there are no timeperiods (yet)
[1650639903] livestatus: Timeperiod cache not updated, there are no timeperiods (yet)
[1650639943] Auto-save of retention data completed successfully.
[1650639963] livestatus: Timeperiod cache not updated, there are no timeperiods (yet)
[1650640023] livestatus: Timeperiod cache not updated, there are no timeperiods (yet)
[1650640083] livestatus: Timeperiod cache not updated, there are no timeperiods (yet)
[1650640143] livestatus: Timeperiod cache not updated, there are no timeperiods (yet)
[1650640203] livestatus: Timeperiod cache not updated, there are no timeperiods (yet)
[1650640263] livestatus: Timeperiod cache not updated, there are no timeperiods (yet)
[1650640323] livestatus: Timeperiod cache not updated, there are no timeperiods (yet)
[1650640383] livestatus: Timeperiod cache not updated, there are no timeperiods (yet)
[1650640443] livestatus: Timeperiod cache not updated, there are no timeperiods (yet)
[1650640503] livestatus: Timeperiod cache not updated, there are no timeperiods (yet)
[1650640563] livestatus: Timeperiod cache not updated, there are no timeperiods (yet)
[1650640623] livestatus: Timeperiod cache not updated, there are no timeperiods (yet)
[1650640684] livestatus: Timeperiod cache not updated, there are no timeperiods (yet)
[1650640744] livestatus: Timeperiod cache not updated, there are no timeperiods (yet)
[1650640804] livestatus: Timeperiod cache not updated, there are no timeperiods (yet)
[1650640864] livestatus: Timeperiod cache not updated, there are no timeperiods (yet)
[1650640924] livestatus: Timeperiod cache not updated, there are no timeperiods (yet)
[1650640984] livestatus: Timeperiod cache not updated, there are no timeperiods (yet)
[1650641044] livestatus: Timeperiod cache not updated, there are no timeperiods (yet)
[1650641104] livestatus: Timeperiod cache not updated, there are no timeperiods (yet)
[1650641164] livestatus: Timeperiod cache not updated, there are no timeperiods (yet)
[1650641224] livestatus: Timeperiod cache not updated, there are no timeperiods (yet)
[1650641284] livestatus: Timeperiod cache not updated, there are no timeperiods (yet)
[1650641344] livestatus: Timeperiod cache not updated, there are no timeperiods (yet)
[1650641404] livestatus: Timeperiod cache not updated, there are no timeperiods (yet)
[1650641464] livestatus: Timeperiod cache not updated, there are no timeperiods (yet)
[1650641524] livestatus: Timeperiod cache not updated, there are no timeperiods (yet)
[1650641584] livestatus: Timeperiod cache not updated, there are no timeperiods (yet)
[1650641644] livestatus: Timeperiod cache not updated, there are no timeperiods (yet)
[1650641704] livestatus: Timeperiod cache not updated, there are no timeperiods (yet)
[1650641764] livestatus: Timeperiod cache not updated, there are no timeperiods (yet)
[1650641824] livestatus: Timeperiod cache not updated, there are no timeperiods (yet)
[1650641885] livestatus: Timeperiod cache not updated, there are no timeperiods (yet)
[1650641945] livestatus: Timeperiod cache not updated, there are no timeperiods (yet)
[1650642005] livestatus: Timeperiod cache not updated, there are no timeperiods (yet)
[1650642065] livestatus: Timeperiod cache not updated, there are no timeperiods (yet)
[1650642125] livestatus: Timeperiod cache not updated, there are no timeperiods (yet)
[1650642185] livestatus: Timeperiod cache not updated, there are no timeperiods (yet)
[1650642245] livestatus: Timeperiod cache not updated, there are no timeperiods (yet)
[1650642305] livestatus: Timeperiod cache not updated, there are no timeperiods (yet)
[1650642365] livestatus: Timeperiod cache not updated, there are no timeperiods (yet)
[1650642425] livestatus: Timeperiod cache not updated, there are no timeperiods (yet)
[1650642485] livestatus: Timeperiod cache not updated, there are no timeperiods (yet)
[1650642545] livestatus: Timeperiod cache not updated, there are no timeperiods (yet)
[1650642605] livestatus: Timeperiod cache not updated, there are no timeperiods (yet)
[1650642665] livestatus: Timeperiod cache not updated, there are no timeperiods (yet)
[1650642725] livestatus: Timeperiod cache not updated, there are no timeperiods (yet)
[1650642785] livestatus: Timeperiod cache not updated, there are no timeperiods (yet)
[1650642845] livestatus: Timeperiod cache not updated, there are no timeperiods (yet)
[1650642905] livestatus: Timeperiod cache not updated, there are no timeperiods (yet)
[1650642965] livestatus: Timeperiod cache not updated, there are no timeperiods (yet)
[1650643025] livestatus: Timeperiod cache not updated, there are no timeperiods (yet)
[1650643085] livestatus: Timeperiod cache not updated, there are no timeperiods (yet)
[1650643146] livestatus: Timeperiod cache not updated, there are no timeperiods (yet)
[1650643206] livestatus: Timeperiod cache not updated, there are no timeperiods (yet)
[1650643266] livestatus: Timeperiod cache not updated, there are no timeperiods (yet)
[1650643326] livestatus: Timeperiod cache not updated, there are no timeperiods (yet)
[1650643386] livestatus: Timeperiod cache not updated, there are no timeperiods (yet)
[1650643446] livestatus: Timeperiod cache not updated, there are no timeperiods (yet)
[1650643506] livestatus: Timeperiod cache not updated, there are no timeperiods (yet)
[1650643543] Auto-save of retention data completed successfully.
[1650643566] livestatus: Timeperiod cache not updated, there are no timeperiods (yet)
[1650643626] livestatus: Timeperiod cache not updated, there are no timeperiods (yet)
[1650643686] livestatus: Timeperiod cache not updated, there are no timeperiods (yet)
[1650643746] livestatus: Timeperiod cache not updated, there are no timeperiods (yet)
[1650643806] livestatus: Timeperiod cache not updated, there are no timeperiods (yet)
[1650643866] livestatus: Timeperiod cache not updated, there are no timeperiods (yet)
[1650643926] livestatus: Timeperiod cache not updated, there are no timeperiods (yet)
[1650643986] livestatus: Timeperiod cache not updated, there are no timeperiods (yet)
[1650644046] livestatus: Timeperiod cache not updated, there are no timeperiods (yet)
[1650644106] livestatus: Timeperiod cache not updated, there are no timeperiods (yet)
[1650644166] livestatus: Timeperiod cache not updated, there are no timeperiods (yet)
[1650644226] livestatus: Timeperiod cache not updated, there are no timeperiods (yet)
[1650644287] livestatus: Timeperiod cache not updated, there are no timeperiods (yet)
[1650644347] livestatus: Timeperiod cache not updated, there are no timeperiods (yet)
[1650644407] livestatus: Timeperiod cache not updated, there are no timeperiods (yet)
[1650644467] livestatus: Timeperiod cache not updated, there are no timeperiods (yet)
[1650644527] livestatus: Timeperiod cache not updated, there are no timeperiods (yet)
[1650644587] livestatus: Timeperiod cache not updated, there are no timeperiods (yet)
[1650644647] livestatus: Timeperiod cache not updated, there are no timeperiods (yet)
[1650644707] livestatus: Timeperiod cache not updated, there are no timeperiods (yet)
[1650644767] livestatus: Timeperiod cache not updated, there are no timeperiods (yet)
[1650644827] livestatus: Timeperiod cache not updated, there are no timeperiods (yet)
[1650644887] livestatus: Timeperiod cache not updated, there are no timeperiods (yet)
[1650644947] livestatus: Timeperiod cache not updated, there are no timeperiods (yet)
[1650645007] livestatus: Timeperiod cache not updated, there are no timeperiods (yet)
[1650645067] livestatus: Timeperiod cache not updated, there are no timeperiods (yet)
[1650645127] livestatus: Timeperiod cache not updated, there are no timeperiods (yet)
[1650645187] livestatus: Timeperiod cache not updated, there are no timeperiods (yet)
[1650645247] livestatus: Timeperiod cache not updated, there are no timeperiods (yet)
[1650645307] livestatus: Timeperiod cache not updated, there are no timeperiods (yet)
[1650645367] livestatus: Timeperiod cache not updated, there are no timeperiods (yet)
[1650645428] livestatus: Timeperiod cache not updated, there are no timeperiods (yet)
[1650645488] livestatus: Timeperiod cache not updated, there are no timeperiods (yet)
[1650645548] livestatus: Timeperiod cache not updated, there are no timeperiods (yet)
[1650645608] livestatus: Timeperiod cache not updated, there are no timeperiods (yet)
[1650645668] livestatus: Timeperiod cache not updated, there are no timeperiods (yet)
[1650645728] livestatus: Timeperiod cache not updated, there are no timeperiods (yet)
[1650645788] livestatus: Timeperiod cache not updated, there are no timeperiods (yet)
[1650645848] livestatus: Timeperiod cache not updated, there are no timeperiods (yet)
[1650645908] livestatus: Timeperiod cache not updated, there are no timeperiods (yet)
[1650645968] livestatus: Timeperiod cache not updated, there are no timeperiods (yet)
[1650646028] livestatus: Timeperiod cache not updated, there are no timeperiods (yet)
[1650646088] livestatus: Timeperiod cache not updated, there are no timeperiods (yet)
[1650646148] livestatus: Timeperiod cache not updated, there are no timeperiods (yet)
[1650646208] livestatus: Timeperiod cache not updated, there are no timeperiods (yet)
[1650646268] livestatus: Timeperiod cache not updated, there are no timeperiods (yet)
[1650646328] livestatus: Timeperiod cache not updated, there are no timeperiods (yet)
[1650646388] livestatus: Timeperiod cache not updated, there are no timeperiods (yet)
[1650646448] livestatus: Timeperiod cache not updated, there are no timeperiods (yet)
[1650646508] livestatus: Timeperiod cache not updated, there are no timeperiods (yet)
[1650646568] livestatus: Timeperiod cache not updated, there are no timeperiods (yet)
[1650646628] livestatus: Timeperiod cache not updated, there are no timeperiods (yet)
[1650646689] livestatus: Timeperiod cache not updated, there are no timeperiods (yet)
[1650646749] livestatus: Timeperiod cache not updated, there are no timeperiods (yet)
[1650646809] livestatus: Timeperiod cache not updated, there are no timeperiods (yet)
[1650646869] livestatus: Timeperiod cache not updated, there are no timeperiods (yet)
[1650646929] livestatus: Timeperiod cache not updated, there are no timeperiods (yet)
[1650646989] livestatus: Timeperiod cache not updated, there are no timeperiods (yet)
[1650647049] livestatus: Timeperiod cache not updated, there are no timeperiods (yet)
[1650647109] livestatus: Timeperiod cache not updated, there are no timeperiods (yet)
[1650647143] Auto-save of retention data completed successfully.
[1650647169] livestatus: Timeperiod cache not updated, there are no timeperiods (yet)
[1650647229] livestatus: Timeperiod cache not updated, there are no timeperiods (yet)
[1650647289] livestatus: Timeperiod cache not updated, there are no timeperiods (yet)
[1650647349] livestatus: Timeperiod cache not updated, there are no timeperiods (yet)
[1650647409] livestatus: Timeperiod cache not updated, there are no timeperiods (yet)
[1650647469] livestatus: Timeperiod cache not updated, there are no timeperiods (yet)
[1650647529] livestatus: Timeperiod cache not updated, there are no timeperiods (yet)
[1650647589] livestatus: Timeperiod cache not updated, there are no timeperiods (yet)
[1650647649] livestatus: Timeperiod cache not updated, there are no timeperiods (yet)
[1650647709] livestatus: Timeperiod cache not updated, there are no timeperiods (yet)
[1650647769] livestatus: Timeperiod cache not updated, there are no timeperiods (yet)
[1650647829] livestatus: Timeperiod cache not updated, there are no timeperiods (yet)
[1650647890] livestatus: Timeperiod cache not updated, there are no timeperiods (yet)
[1650647950] livestatus: Timeperiod cache not updated, there are no timeperiods (yet)
[1650648010] livestatus: Timeperiod cache not updated, there are no timeperiods (yet)
[1650648070] livestatus: Timeperiod cache not updated, there are no timeperiods (yet)
[1650648130] livestatus: Timeperiod cache not updated, there are no timeperiods (yet)
[1650648190] livestatus: Timeperiod cache not updated, there are no timeperiods (yet)
[1650648250] livestatus: Timeperiod cache not updated, there are no timeperiods (yet)
[1650648310] livestatus: Timeperiod cache not updated, there are no timeperiods (yet)
[1650648370] livestatus: Timeperiod cache not updated, there are no timeperiods (yet)
[1650648430] livestatus: Timeperiod cache not updated, there are no timeperiods (yet)
[1650648490] livestatus: Timeperiod cache not updated, there are no timeperiods (yet)
[1650648550] livestatus: Timeperiod cache not updated, there are no timeperiods (yet)
[1650648610] livestatus: Timeperiod cache not updated, there are no timeperiods (yet)
[1650648670] livestatus: Timeperiod cache not updated, there are no timeperiods (yet)
[1650648730] livestatus: Timeperiod cache not updated, there are no timeperiods (yet)
[1650648790] livestatus: Timeperiod cache not updated, there are no timeperiods (yet)
[1650648850] livestatus: Timeperiod cache not updated, there are no timeperiods (yet)
[1650648910] livestatus: Timeperiod cache not updated, there are no timeperiods (yet)
[1650648970] livestatus: Timeperiod cache not updated, there are no timeperiods (yet)
[1650649030] livestatus: Timeperiod cache not updated, there are no timeperiods (yet)
[1650649091] livestatus: Timeperiod cache not updated, there are no timeperiods (yet)
[1650649151] livestatus: Timeperiod cache not updated, there are no timeperiods (yet)
[1650649211] livestatus: Timeperiod cache not updated, there are no timeperiods (yet)
[1650649271] livestatus: Timeperiod cache not updated, there are no timeperiods (yet)
[1650649331] livestatus: Timeperiod cache not updated, there are no timeperiods (yet)
[1650649391] livestatus: Timeperiod cache not updated, there are no timeperiods (yet)
[1650649451] livestatus: Timeperiod cache not updated, there are no timeperiods (yet)
[1650649511] livestatus: Timeperiod cache not updated, there are no timeperiods (yet)
[1650649571] livestatus: Timeperiod cache not updated, there are no timeperiods (yet)
[1650649631] livestatus: Timeperiod cache not updated, there are no timeperiods (yet)
[1650649691] livestatus: Timeperiod cache not updated, there are no timeperiods (yet)
[1650649751] livestatus: Timeperiod cache not updated, there are no timeperiods (yet)
[1650649811] livestatus: Timeperiod cache not updated, there are no timeperiods (yet)
[1650649871] livestatus: Timeperiod cache not updated, there are no timeperiods (yet)
[1650649931] livestatus: Timeperiod cache not updated, there are no timeperiods (yet)
[1650649991] livestatus: Timeperiod cache not updated, there are no timeperiods (yet)
[1650650051] livestatus: Timeperiod cache not updated, there are no timeperiods (yet)
[1650650111] livestatus: Timeperiod cache not updated, there are no timeperiods (yet)
[1650650171] livestatus: Timeperiod cache not updated, there are no timeperiods (yet)
[1650650231] livestatus: Timeperiod cache not updated, there are no timeperiods (yet)
[1650650291] livestatus: Timeperiod cache not updated, there are no timeperiods (yet)
[1650650352] livestatus: Timeperiod cache not updated, there are no timeperiods (yet)
[1650650412] livestatus: Timeperiod cache not updated, there are no timeperiods (yet)
[1650650472] livestatus: Timeperiod cache not updated, there are no timeperiods (yet)
[1650650532] livestatus: Timeperiod cache not updated, there are no timeperiods (yet)
[1650650592] livestatus: Timeperiod cache not updated, there are no timeperiods (yet)
[1650650652] livestatus: Timeperiod cache not updated, there are no timeperiods (yet)
[1650650712] livestatus: Timeperiod cache not updated, there are no timeperiods (yet)
[1650650743] Auto-save of retention data completed successfully.
[1650650772] livestatus: Timeperiod cache not updated, there are no timeperiods (yet)
[1650650832] livestatus: Timeperiod cache not updated, there are no timeperiods (yet)
[1650650892] livestatus: Timeperiod cache not updated, there are no timeperiods (yet)
[1650650952] livestatus: Timeperiod cache not updated, there are no timeperiods (yet)
[1650651012] livestatus: Timeperiod cache not updated, there are no timeperiods (yet)
[1650651072] livestatus: Timeperiod cache not updated, there are no timeperiods (yet)
[1650651132] livestatus: Timeperiod cache not updated, there are no timeperiods (yet)
[1650651192] livestatus: Timeperiod cache not updated, there are no timeperiods (yet)
[1650651252] livestatus: Timeperiod cache not updated, there are no timeperiods (yet)
[1650651312] livestatus: Timeperiod cache not updated, there are no timeperiods (yet)
[1650651372] livestatus: Timeperiod cache not updated, there are no timeperiods (yet)
[1650651432] livestatus: Timeperiod cache not updated, there are no timeperiods (yet)
[1650651493] livestatus: Timeperiod cache not updated, there are no timeperiods (yet)
[1650651553] livestatus: Timeperiod cache not updated, there are no timeperiods (yet)
[1650651613] livestatus: Timeperiod cache not updated, there are no timeperiods (yet)
[1650651673] livestatus: Timeperiod cache not updated, there are no timeperiods (yet)
[1650651733] livestatus: Timeperiod cache not updated, there are no timeperiods (yet)
[1650651793] livestatus: Timeperiod cache not updated, there are no timeperiods (yet)
[1650651853] livestatus: Timeperiod cache not updated, there are no timeperiods (yet)
[1650651913] livestatus: Timeperiod cache not updated, there are no timeperiods (yet)
[1650651973] livestatus: Timeperiod cache not updated, there are no timeperiods (yet)
[1650652033] livestatus: Timeperiod cache not updated, there are no timeperiods (yet)
[1650652093] livestatus: Timeperiod cache not updated, there are no timeperiods (yet)
[1650652153] livestatus: Timeperiod cache not updated, there are no timeperiods (yet)
[1650652213] livestatus: Timeperiod cache not updated, there are no timeperiods (yet)
[1650652273] livestatus: Timeperiod cache not updated, there are no timeperiods (yet)
[1650652333] livestatus: Timeperiod cache not updated, there are no timeperiods (yet)
[1650652393] livestatus: Timeperiod cache not updated, there are no timeperiods (yet)
[1650652453] livestatus: Timeperiod cache not updated, there are no timeperiods (yet)
[1650652513] livestatus: Timeperiod cache not updated, there are no timeperiods (yet)
[1650652573] livestatus: Timeperiod cache not updated, there are no timeperiods (yet)
[1650652633] livestatus: Timeperiod cache not updated, there are no timeperiods (yet)
[1650652693] livestatus: Timeperiod cache not updated, there are no timeperiods (yet)
[1650652754] livestatus: Timeperiod cache not updated, there are no timeperiods (yet)
[1650652814] livestatus: Timeperiod cache not updated, there are no timeperiods (yet)
[1650652874] livestatus: Timeperiod cache not updated, there are no timeperiods (yet)
[1650652934] livestatus: Timeperiod cache not updated, there are no timeperiods (yet)
[1650652994] livestatus: Timeperiod cache not updated, there are no timeperiods (yet)
[1650653054] livestatus: Timeperiod cache not updated, there are no timeperiods (yet)
[1650653114] livestatus: Timeperiod cache not updated, there are no timeperiods (yet)
[1650653174] livestatus: Timeperiod cache not updated, there are no timeperiods (yet)
[1650653234] livestatus: Timeperiod cache not updated, there are no timeperiods (yet)
[1650653294] livestatus: Timeperiod cache not updated, there are no timeperiods (yet)
[1650653354] livestatus: Timeperiod cache not updated, there are no timeperiods (yet)
[1650653414] livestatus: Timeperiod cache not updated, there are no timeperiods (yet)
[1650653474] livestatus: Timeperiod cache not updated, there are no timeperiods (yet)
[1650653534] livestatus: Timeperiod cache not updated, there are no timeperiods (yet)
[1650653594] livestatus: Timeperiod cache not updated, there are no timeperiods (yet)
[1650653654] livestatus: Timeperiod cache not updated, there are no timeperiods (yet)
[1650653714] livestatus: Timeperiod cache not updated, there are no timeperiods (yet)
[1650653774] livestatus: Timeperiod cache not updated, there are no timeperiods (yet)
[1650653834] livestatus: Timeperiod cache not updated, there are no timeperiods (yet)
[1650653894] livestatus: Timeperiod cache not updated, there are no timeperiods (yet)
[1650653955] livestatus: Timeperiod cache not updated, there are no timeperiods (yet)
[1650654015] livestatus: Timeperiod cache not updated, there are no timeperiods (yet)
[1650654075] livestatus: Timeperiod cache not updated, there are no timeperiods (yet)
[1650654135] livestatus: Timeperiod cache not updated, there are no timeperiods (yet)
[1650654195] livestatus: Timeperiod cache not updated, there are no timeperiods (yet)
[1650654255] livestatus: Timeperiod cache not updated, there are no timeperiods (yet)
[1650654315] livestatus: Timeperiod cache not updated, there are no timeperiods (yet)
[1650654343] Auto-save of retention data completed successfully.
[1650654375] livestatus: Timeperiod cache not updated, there are no timeperiods (yet)
[1650654435] livestatus: Timeperiod cache not updated, there are no timeperiods (yet)
[1650654495] livestatus: Timeperiod cache not updated, there are no timeperiods (yet)
[1650654555] livestatus: Timeperiod cache not updated, there are no timeperiods (yet)
[1650654615] livestatus: Timeperiod cache not updated, there are no timeperiods (yet)
[1650654675] livestatus: Timeperiod cache not updated, there are no timeperiods (yet)
[1650654735] livestatus: Timeperiod cache not updated, there are no timeperiods (yet)
[1650654795] livestatus: Timeperiod cache not updated, there are no timeperiods (yet)
[1650654855] livestatus: Timeperiod cache not updated, there are no timeperiods (yet)
[1650654915] livestatus: Timeperiod cache not updated, there are no timeperiods (yet)
[1650654975] livestatus: Timeperiod cache not updated, there are no timeperiods (yet)
[1650655035] livestatus: Timeperiod cache not updated, there are no timeperiods (yet)
[1650655095] livestatus: Timeperiod cache not updated, there are no timeperiods (yet)
[1650655156] livestatus: Timeperiod cache not updated, there are no timeperiods (yet)
[1650655216] livestatus: Timeperiod cache not updated, there are no timeperiods (yet)
[1650655276] livestatus: Timeperiod cache not updated, there are no timeperiods (yet)
[1650655336] livestatus: Timeperiod cache not updated, there are no timeperiods (yet)
[1650655396] livestatus: Timeperiod cache not updated, there are no timeperiods (yet)
[1650655456] livestatus: Timeperiod cache not updated, there are no timeperiods (yet)
[1650655516] livestatus: Timeperiod cache not updated, there are no timeperiods (yet)
[1650655576] livestatus: Timeperiod cache not updated, there are no timeperiods (yet)
[1650655636] livestatus: Timeperiod cache not updated, there are no timeperiods (yet)
[1650655696] livestatus: Timeperiod cache not updated, there are no timeperiods (yet)
[1650655756] livestatus: Timeperiod cache not updated, there are no timeperiods (yet)
[1650655816] livestatus: Timeperiod cache not updated, there are no timeperiods (yet)
[1650655876] livestatus: Timeperiod cache not updated, there are no timeperiods (yet)
[1650655936] livestatus: Timeperiod cache not updated, there are no timeperiods (yet)
[1650655996] livestatus: Timeperiod cache not updated, there are no timeperiods (yet)
[1650656056] livestatus: Timeperiod cache not updated, there are no timeperiods (yet)
[1650656116] livestatus: Timeperiod cache not updated, there are no timeperiods (yet)
[1650656176] livestatus: Timeperiod cache not updated, there are no timeperiods (yet)
[1650656236] livestatus: Timeperiod cache not updated, there are no timeperiods (yet)
[1650656296] livestatus: Timeperiod cache not updated, there are no timeperiods (yet)
[1650656356] livestatus: Timeperiod cache not updated, there are no timeperiods (yet)
[1650656417] livestatus: Timeperiod cache not updated, there are no timeperiods (yet)
[1650656477] livestatus: Timeperiod cache not updated, there are no timeperiods (yet)
[1650656537] livestatus: Timeperiod cache not updated, there are no timeperiods (yet)
[1650656597] livestatus: Timeperiod cache not updated, there are no timeperiods (yet)
[1650656657] livestatus: Timeperiod cache not updated, there are no timeperiods (yet)
[1650656717] livestatus: Timeperiod cache not updated, there are no timeperiods (yet)
[1650656777] livestatus: Timeperiod cache not updated, there are no timeperiods (yet)
[1650656837] livestatus: Timeperiod cache not updated, there are no timeperiods (yet)
[1650656897] livestatus: Timeperiod cache not updated, there are no timeperiods (yet)
[1650656957] livestatus: Timeperiod cache not updated, there are no timeperiods (yet)
[1650657017] livestatus: Timeperiod cache not updated, there are no timeperiods (yet)
[1650657077] livestatus: Timeperiod cache not updated, there are no timeperiods (yet)
[1650657137] livestatus: Timeperiod cache not updated, there are no timeperiods (yet)
[1650657197] livestatus: Timeperiod cache not updated, there are no timeperiods (yet)
[1650657257] livestatus: Timeperiod cache not updated, there are no timeperiods (yet)
[1650657317] livestatus: Timeperiod cache not updated, there are no timeperiods (yet)
[1650657377] livestatus: Timeperiod cache not updated, there are no timeperiods (yet)
[1650657437] livestatus: Timeperiod cache not updated, there are no timeperiods (yet)
[1650657497] livestatus: Timeperiod cache not updated, there are no timeperiods (yet)
[1650657557] livestatus: Timeperiod cache not updated, there are no timeperiods (yet)
[1650657618] livestatus: Timeperiod cache not updated, there are no timeperiods (yet)
[1650657678] livestatus: Timeperiod cache not updated, there are no timeperiods (yet)
[1650657738] livestatus: Timeperiod cache not updated, there are no timeperiods (yet)
[1650657798] livestatus: Timeperiod cache not updated, there are no timeperiods (yet)
[1650657858] livestatus: Timeperiod cache not updated, there are no timeperiods (yet)
[1650657918] livestatus: Timeperiod cache not updated, there are no timeperiods (yet)
[1650657943] Auto-save of retention data completed successfully.
[1650657978] livestatus: Timeperiod cache not updated, there are no timeperiods (yet)
[1650658038] livestatus: Timeperiod cache not updated, there are no timeperiods (yet)
[1650658098] livestatus: Timeperiod cache not updated, there are no timeperiods (yet)
[1650658158] livestatus: Timeperiod cache not updated, there are no timeperiods (yet)
[1650658218] livestatus: Timeperiod cache not updated, there are no timeperiods (yet)
[1650658278] livestatus: Timeperiod cache not updated, there are no timeperiods (yet)
[1650658338] livestatus: Timeperiod cache not updated, there are no timeperiods (yet)
[1650658398] livestatus: Timeperiod cache not updated, there are no timeperiods (yet)
[1650658458] livestatus: Timeperiod cache not updated, there are no timeperiods (yet)
[1650658518] livestatus: Timeperiod cache not updated, there are no timeperiods (yet)
[1650658578] livestatus: Timeperiod cache not updated, there are no timeperiods (yet)
[1650658638] livestatus: Timeperiod cache not updated, there are no timeperiods (yet)
[1650658698] livestatus: Timeperiod cache not updated, there are no timeperiods (yet)
[1650658759] livestatus: Timeperiod cache not updated, there are no timeperiods (yet)
[1650658819] livestatus: Timeperiod cache not updated, there are no timeperiods (yet)
[1650658879] livestatus: Timeperiod cache not updated, there are no timeperiods (yet)
[1650658939] livestatus: Timeperiod cache not updated, there are no timeperiods (yet)
[1650658999] livestatus: Timeperiod cache not updated, there are no timeperiods (yet)
[1650659059] livestatus: Timeperiod cache not updated, there are no timeperiods (yet)
[1650659119] livestatus: Timeperiod cache not updated, there are no timeperiods (yet)
[1650659179] livestatus: Timeperiod cache not updated, there are no timeperiods (yet)
[1650659239] livestatus: Timeperiod cache not updated, there are no timeperiods (yet)
[1650659299] livestatus: Timeperiod cache not updated, there are no timeperiods (yet)
[1650659359] livestatus: Timeperiod cache not updated, there are no timeperiods (yet)
[1650659419] livestatus: Timeperiod cache not updated, there are no timeperiods (yet)
[1650659479] livestatus: Timeperiod cache not updated, there are no timeperiods (yet)
[1650659539] livestatus: Timeperiod cache not updated, there are no timeperiods (yet)
[1650659599] livestatus: Timeperiod cache not updated, there are no timeperiods (yet)
[1650659659] livestatus: Timeperiod cache not updated, there are no timeperiods (yet)
[1650659719] livestatus: Timeperiod cache not updated, there are no timeperiods (yet)
[1650659779] livestatus: Timeperiod cache not updated, there are no timeperiods (yet)
[1650659839] livestatus: Timeperiod cache not updated, there are no timeperiods (yet)
[1650659899] livestatus: Timeperiod cache not updated, there are no timeperiods (yet)
[1650659959] livestatus: Timeperiod cache not updated, there are no timeperiods (yet)
[1650660020] livestatus: Timeperiod cache not updated, there are no timeperiods (yet)
[1650660080] livestatus: Timeperiod cache not updated, there are no timeperiods (yet)
[1650660140] livestatus: Timeperiod cache not updated, there are no timeperiods (yet)
[1650660200] livestatus: Timeperiod cache not updated, there are no timeperiods (yet)
[1650660260] livestatus: Timeperiod cache not updated, there are no timeperiods (yet)
[1650660320] livestatus: Timeperiod cache not updated, there are no timeperiods (yet)
[1650660380] livestatus: Timeperiod cache not updated, there are no timeperiods (yet)
[1650660440] livestatus: Timeperiod cache not updated, there are no timeperiods (yet)
[1650660500] livestatus: Timeperiod cache not updated, there are no timeperiods (yet)
[1650660560] livestatus: Timeperiod cache not updated, there are no timeperiods (yet)
[1650660620] livestatus: Timeperiod cache not updated, there are no timeperiods (yet)
[1650660680] livestatus: Timeperiod cache not updated, there are no timeperiods (yet)
[1650660740] livestatus: Timeperiod cache not updated, there are no timeperiods (yet)
[1650660800] livestatus: Timeperiod cache not updated, there are no timeperiods (yet)
[1650660860] livestatus: Timeperiod cache not updated, there are no timeperiods (yet)
[1650660920] livestatus: Timeperiod cache not updated, there are no timeperiods (yet)
[1650660980] livestatus: Timeperiod cache not updated, there are no timeperiods (yet)
[1650661040] livestatus: Timeperiod cache not updated, there are no timeperiods (yet)
[1650661100] livestatus: Timeperiod cache not updated, there are no timeperiods (yet)
[1650661160] livestatus: Timeperiod cache not updated, there are no timeperiods (yet)
[1650661221] livestatus: Timeperiod cache not updated, there are no timeperiods (yet)
[1650661281] livestatus: Timeperiod cache not updated, there are no timeperiods (yet)
[1650661341] livestatus: Timeperiod cache not updated, there are no timeperiods (yet)
[1650661401] livestatus: Timeperiod cache not updated, there are no timeperiods (yet)
[1650661461] livestatus: Timeperiod cache not updated, there are no timeperiods (yet)
[1650661521] livestatus: Timeperiod cache not updated, there are no timeperiods (yet)
[1650661543] Auto-save of retention data completed successfully.
[1650661581] livestatus: Timeperiod cache not updated, there are no timeperiods (yet)
[1650661641] livestatus: Timeperiod cache not updated, there are no timeperiods (yet)
[1650661701] livestatus: Timeperiod cache not updated, there are no timeperiods (yet)
[1650661761] livestatus: Timeperiod cache not updated, there are no timeperiods (yet)
[1650661821] livestatus: Timeperiod cache not updated, there are no timeperiods (yet)
[1650661881] livestatus: Timeperiod cache not updated, there are no timeperiods (yet)
[1650661941] livestatus: Timeperiod cache not updated, there are no timeperiods (yet)
[1650662001] livestatus: Timeperiod cache not updated, there are no timeperiods (yet)
[1650662061] livestatus: Timeperiod cache not updated, there are no timeperiods (yet)
[1650662121] livestatus: Timeperiod cache not updated, there are no timeperiods (yet)
[1650662181] livestatus: Timeperiod cache not updated, there are no timeperiods (yet)
[1650662241] livestatus: Timeperiod cache not updated, there are no timeperiods (yet)
[1650662301] livestatus: Timeperiod cache not updated, there are no timeperiods (yet)
[1650662361] livestatus: Timeperiod cache not updated, there are no timeperiods (yet)
[1650662422] livestatus: Timeperiod cache not updated, there are no timeperiods (yet)
[1650662482] livestatus: Timeperiod cache not updated, there are no timeperiods (yet)
[1650662542] livestatus: Timeperiod cache not updated, there are no timeperiods (yet)
[1650662602] livestatus: Timeperiod cache not updated, there are no timeperiods (yet)
[1650662662] livestatus: Timeperiod cache not updated, there are no timeperiods (yet)
[1650662722] livestatus: Timeperiod cache not updated, there are no timeperiods (yet)
[1650662782] livestatus: Timeperiod cache not updated, there are no timeperiods (yet)
[1650662842] livestatus: Timeperiod cache not updated, there are no timeperiods (yet)
[1650662902] livestatus: Timeperiod cache not updated, there are no timeperiods (yet)
[1650662962] livestatus: Timeperiod cache not updated, there are no timeperiods (yet)
[1650663022] livestatus: Timeperiod cache not updated, there are no timeperiods (yet)
[1650663082] livestatus: Timeperiod cache not updated, there are no timeperiods (yet)
[1650663142] livestatus: Timeperiod cache not updated, there are no timeperiods (yet)
[1650663202] livestatus: Timeperiod cache not updated, there are no timeperiods (yet)
[1650663262] livestatus: Timeperiod cache not updated, there are no timeperiods (yet)
[1650663322] livestatus: Timeperiod cache not updated, there are no timeperiods (yet)
[1650663382] livestatus: Timeperiod cache not updated, there are no timeperiods (yet)
[1650663442] livestatus: Timeperiod cache not updated, there are no timeperiods (yet)
[1650663502] livestatus: Timeperiod cache not updated, there are no timeperiods (yet)
[1650663562] livestatus: Timeperiod cache not updated, there are no timeperiods (yet)
[1650663623] livestatus: Timeperiod cache not updated, there are no timeperiods (yet)
[1650663683] livestatus: Timeperiod cache not updated, there are no timeperiods (yet)
[1650663743] livestatus: Timeperiod cache not updated, there are no timeperiods (yet)
[1650663803] livestatus: Timeperiod cache not updated, there are no timeperiods (yet)
[1650663863] livestatus: Timeperiod cache not updated, there are no timeperiods (yet)
[1650663923] livestatus: Timeperiod cache not updated, there are no timeperiods (yet)
[1650663983] livestatus: Timeperiod cache not updated, there are no timeperiods (yet)
[1650664043] livestatus: Timeperiod cache not updated, there are no timeperiods (yet)
[1650664103] livestatus: Timeperiod cache not updated, there are no timeperiods (yet)
[1650664163] livestatus: Timeperiod cache not updated, there are no timeperiods (yet)
[1650664223] livestatus: Timeperiod cache not updated, there are no timeperiods (yet)
[1650664283] livestatus: Timeperiod cache not updated, there are no timeperiods (yet)
[1650664343] livestatus: Timeperiod cache not updated, there are no timeperiods (yet)
[1650664403] livestatus: Timeperiod cache not updated, there are no timeperiods (yet)
[1650664463] livestatus: Timeperiod cache not updated, there are no timeperiods (yet)
[1650664523] livestatus: Timeperiod cache not updated, there are no timeperiods (yet)
[1650664583] livestatus: Timeperiod cache not updated, there are no timeperiods (yet)
[1650664643] livestatus: Timeperiod cache not updated, there are no timeperiods (yet)
[1650664703] livestatus: Timeperiod cache not updated, there are no timeperiods (yet)
[1650664763] livestatus: Timeperiod cache not updated, there are no timeperiods (yet)
[1650664800] livestatus: TIMEPERIOD TRANSITION: 24X7;1;1
