[1652306400] LOG ROTATION: DAILY
[1652306400] LOG VERSION: 2.0
[1652306400] livestatus: TIMEPERIOD TRANSITION: 24X7;1;1
[1652306442] livestatus: Timeperiod cache not updated, there are no timeperiods (yet)
[1652306502] livestatus: Timeperiod cache not updated, there are no timeperiods (yet)
[1652306562] livestatus: Timeperiod cache not updated, there are no timeperiods (yet)
[1652306622] livestatus: Timeperiod cache not updated, there are no timeperiods (yet)
[1652306682] livestatus: Timeperiod cache not updated, there are no timeperiods (yet)
[1652306742] livestatus: Timeperiod cache not updated, there are no timeperiods (yet)
[1652306743] Auto-save of retention data completed successfully.
[1652306802] livestatus: Timeperiod cache not updated, there are no timeperiods (yet)
[1652306862] livestatus: Timeperiod cache not updated, there are no timeperiods (yet)
[1652306922] livestatus: Timeperiod cache not updated, there are no timeperiods (yet)
[1652306982] livestatus: Timeperiod cache not updated, there are no timeperiods (yet)
[1652307042] livestatus: Timeperiod cache not updated, there are no timeperiods (yet)
[1652307102] livestatus: Timeperiod cache not updated, there are no timeperiods (yet)
[1652307162] livestatus: Timeperiod cache not updated, there are no timeperiods (yet)
[1652307222] livestatus: Timeperiod cache not updated, there are no timeperiods (yet)
[1652307282] livestatus: Timeperiod cache not updated, there are no timeperiods (yet)
[1652307343] livestatus: Timeperiod cache not updated, there are no timeperiods (yet)
[1652307403] livestatus: Timeperiod cache not updated, there are no timeperiods (yet)
[1652307463] livestatus: Timeperiod cache not updated, there are no timeperiods (yet)
[1652307523] livestatus: Timeperiod cache not updated, there are no timeperiods (yet)
[1652307583] livestatus: Timeperiod cache not updated, there are no timeperiods (yet)
[1652307643] livestatus: Timeperiod cache not updated, there are no timeperiods (yet)
[1652307703] livestatus: Timeperiod cache not updated, there are no timeperiods (yet)
[1652307763] livestatus: Timeperiod cache not updated, there are no timeperiods (yet)
[1652307823] livestatus: Timeperiod cache not updated, there are no timeperiods (yet)
[1652307883] livestatus: Timeperiod cache not updated, there are no timeperiods (yet)
[1652307943] livestatus: Timeperiod cache not updated, there are no timeperiods (yet)
[1652308003] livestatus: Timeperiod cache not updated, there are no timeperiods (yet)
[1652308063] livestatus: Timeperiod cache not updated, there are no timeperiods (yet)
[1652308123] livestatus: Timeperiod cache not updated, there are no timeperiods (yet)
[1652308183] livestatus: Timeperiod cache not updated, there are no timeperiods (yet)
[1652308243] livestatus: Timeperiod cache not updated, there are no timeperiods (yet)
[1652308303] livestatus: Timeperiod cache not updated, there are no timeperiods (yet)
[1652308364] livestatus: Timeperiod cache not updated, there are no timeperiods (yet)
[1652308424] livestatus: Timeperiod cache not updated, there are no timeperiods (yet)
[1652308484] livestatus: Timeperiod cache not updated, there are no timeperiods (yet)
[1652308544] livestatus: Timeperiod cache not updated, there are no timeperiods (yet)
[1652308604] livestatus: Timeperiod cache not updated, there are no timeperiods (yet)
[1652308664] livestatus: Timeperiod cache not updated, there are no timeperiods (yet)
[1652308724] livestatus: Timeperiod cache not updated, there are no timeperiods (yet)
[1652308784] livestatus: Timeperiod cache not updated, there are no timeperiods (yet)
[1652308844] livestatus: Timeperiod cache not updated, there are no timeperiods (yet)
[1652308904] livestatus: Timeperiod cache not updated, there are no timeperiods (yet)
[1652308964] livestatus: Timeperiod cache not updated, there are no timeperiods (yet)
[1652309024] livestatus: Timeperiod cache not updated, there are no timeperiods (yet)
[1652309084] livestatus: Timeperiod cache not updated, there are no timeperiods (yet)
[1652309144] livestatus: Timeperiod cache not updated, there are no timeperiods (yet)
[1652309204] livestatus: Timeperiod cache not updated, there are no timeperiods (yet)
[1652309264] livestatus: Timeperiod cache not updated, there are no timeperiods (yet)
[1652309324] livestatus: Timeperiod cache not updated, there are no timeperiods (yet)
[1652309384] livestatus: Timeperiod cache not updated, there are no timeperiods (yet)
[1652309444] livestatus: Timeperiod cache not updated, there are no timeperiods (yet)
[1652309505] livestatus: Timeperiod cache not updated, there are no timeperiods (yet)
[1652309565] livestatus: Timeperiod cache not updated, there are no timeperiods (yet)
[1652309625] livestatus: Timeperiod cache not updated, there are no timeperiods (yet)
[1652309685] livestatus: Timeperiod cache not updated, there are no timeperiods (yet)
[1652309745] livestatus: Timeperiod cache not updated, there are no timeperiods (yet)
[1652309805] livestatus: Timeperiod cache not updated, there are no timeperiods (yet)
[1652309865] livestatus: Timeperiod cache not updated, there are no timeperiods (yet)
[1652309925] livestatus: Timeperiod cache not updated, there are no timeperiods (yet)
[1652309985] livestatus: Timeperiod cache not updated, there are no timeperiods (yet)
[1652310045] livestatus: Timeperiod cache not updated, there are no timeperiods (yet)
[1652310105] livestatus: Timeperiod cache not updated, there are no timeperiods (yet)
[1652310165] livestatus: Timeperiod cache not updated, there are no timeperiods (yet)
[1652310225] livestatus: Timeperiod cache not updated, there are no timeperiods (yet)
[1652310285] livestatus: Timeperiod cache not updated, there are no timeperiods (yet)
[1652310343] Auto-save of retention data completed successfully.
[1652310345] livestatus: Timeperiod cache not updated, there are no timeperiods (yet)
[1652310405] livestatus: Timeperiod cache not updated, there are no timeperiods (yet)
[1652310465] livestatus: Timeperiod cache not updated, there are no timeperiods (yet)
[1652310525] livestatus: Timeperiod cache not updated, there are no timeperiods (yet)
[1652310586] livestatus: Timeperiod cache not updated, there are no timeperiods (yet)
[1652310646] livestatus: Timeperiod cache not updated, there are no timeperiods (yet)
[1652310706] livestatus: Timeperiod cache not updated, there are no timeperiods (yet)
[1652310766] livestatus: Timeperiod cache not updated, there are no timeperiods (yet)
[1652310826] livestatus: Timeperiod cache not updated, there are no timeperiods (yet)
[1652310886] livestatus: Timeperiod cache not updated, there are no timeperiods (yet)
[1652310946] livestatus: Timeperiod cache not updated, there are no timeperiods (yet)
[1652311006] livestatus: Timeperiod cache not updated, there are no timeperiods (yet)
[1652311066] livestatus: Timeperiod cache not updated, there are no timeperiods (yet)
[1652311126] livestatus: Timeperiod cache not updated, there are no timeperiods (yet)
[1652311186] livestatus: Timeperiod cache not updated, there are no timeperiods (yet)
[1652311246] livestatus: Timeperiod cache not updated, there are no timeperiods (yet)
[1652311306] livestatus: Timeperiod cache not updated, there are no timeperiods (yet)
[1652311366] livestatus: Timeperiod cache not updated, there are no timeperiods (yet)
[1652311426] livestatus: Timeperiod cache not updated, there are no timeperiods (yet)
[1652311486] livestatus: Timeperiod cache not updated, there are no timeperiods (yet)
[1652311546] livestatus: Timeperiod cache not updated, there are no timeperiods (yet)
[1652311606] livestatus: Timeperiod cache not updated, there are no timeperiods (yet)
[1652311667] livestatus: Timeperiod cache not updated, there are no timeperiods (yet)
[1652311727] livestatus: Timeperiod cache not updated, there are no timeperiods (yet)
[1652311787] livestatus: Timeperiod cache not updated, there are no timeperiods (yet)
[1652311847] livestatus: Timeperiod cache not updated, there are no timeperiods (yet)
[1652311907] livestatus: Timeperiod cache not updated, there are no timeperiods (yet)
[1652311967] livestatus: Timeperiod cache not updated, there are no timeperiods (yet)
[1652312027] livestatus: Timeperiod cache not updated, there are no timeperiods (yet)
[1652312087] livestatus: Timeperiod cache not updated, there are no timeperiods (yet)
[1652312147] livestatus: Timeperiod cache not updated, there are no timeperiods (yet)
[1652312207] livestatus: Timeperiod cache not updated, there are no timeperiods (yet)
[1652312267] livestatus: Timeperiod cache not updated, there are no timeperiods (yet)
[1652312327] livestatus: Timeperiod cache not updated, there are no timeperiods (yet)
[1652312387] livestatus: Timeperiod cache not updated, there are no timeperiods (yet)
[1652312447] livestatus: Timeperiod cache not updated, there are no timeperiods (yet)
[1652312507] livestatus: Timeperiod cache not updated, there are no timeperiods (yet)
[1652312567] livestatus: Timeperiod cache not updated, there are no timeperiods (yet)
[1652312627] livestatus: Timeperiod cache not updated, there are no timeperiods (yet)
[1652312687] livestatus: Timeperiod cache not updated, there are no timeperiods (yet)
[1652312747] livestatus: Timeperiod cache not updated, there are no timeperiods (yet)
[1652312808] livestatus: Timeperiod cache not updated, there are no timeperiods (yet)
[1652312868] livestatus: Timeperiod cache not updated, there are no timeperiods (yet)
[1652312928] livestatus: Timeperiod cache not updated, there are no timeperiods (yet)
[1652312988] livestatus: Timeperiod cache not updated, there are no timeperiods (yet)
[1652313048] livestatus: Timeperiod cache not updated, there are no timeperiods (yet)
[1652313108] livestatus: Timeperiod cache not updated, there are no timeperiods (yet)
[1652313168] livestatus: Timeperiod cache not updated, there are no timeperiods (yet)
[1652313228] livestatus: Timeperiod cache not updated, there are no timeperiods (yet)
[1652313288] livestatus: Timeperiod cache not updated, there are no timeperiods (yet)
[1652313348] livestatus: Timeperiod cache not updated, there are no timeperiods (yet)
[1652313408] livestatus: Timeperiod cache not updated, there are no timeperiods (yet)
[1652313468] livestatus: Timeperiod cache not updated, there are no timeperiods (yet)
[1652313528] livestatus: Timeperiod cache not updated, there are no timeperiods (yet)
[1652313588] livestatus: Timeperiod cache not updated, there are no timeperiods (yet)
[1652313648] livestatus: Timeperiod cache not updated, there are no timeperiods (yet)
[1652313708] livestatus: Timeperiod cache not updated, there are no timeperiods (yet)
[1652313768] livestatus: Timeperiod cache not updated, there are no timeperiods (yet)
[1652313828] livestatus: Timeperiod cache not updated, there are no timeperiods (yet)
[1652313889] livestatus: Timeperiod cache not updated, there are no timeperiods (yet)
[1652313943] Auto-save of retention data completed successfully.
[1652313949] livestatus: Timeperiod cache not updated, there are no timeperiods (yet)
[1652314009] livestatus: Timeperiod cache not updated, there are no timeperiods (yet)
[1652314069] livestatus: Timeperiod cache not updated, there are no timeperiods (yet)
[1652314129] livestatus: Timeperiod cache not updated, there are no timeperiods (yet)
[1652314189] livestatus: Timeperiod cache not updated, there are no timeperiods (yet)
[1652314249] livestatus: Timeperiod cache not updated, there are no timeperiods (yet)
[1652314309] livestatus: Timeperiod cache not updated, there are no timeperiods (yet)
[1652314369] livestatus: Timeperiod cache not updated, there are no timeperiods (yet)
[1652314429] livestatus: Timeperiod cache not updated, there are no timeperiods (yet)
[1652314489] livestatus: Timeperiod cache not updated, there are no timeperiods (yet)
[1652314549] livestatus: Timeperiod cache not updated, there are no timeperiods (yet)
[1652314609] livestatus: Timeperiod cache not updated, there are no timeperiods (yet)
[1652314669] livestatus: Timeperiod cache not updated, there are no timeperiods (yet)
[1652314729] livestatus: Timeperiod cache not updated, there are no timeperiods (yet)
[1652314789] livestatus: Timeperiod cache not updated, there are no timeperiods (yet)
[1652314849] livestatus: Timeperiod cache not updated, there are no timeperiods (yet)
[1652314909] livestatus: Timeperiod cache not updated, there are no timeperiods (yet)
[1652314969] livestatus: Timeperiod cache not updated, there are no timeperiods (yet)
[1652315030] livestatus: Timeperiod cache not updated, there are no timeperiods (yet)
[1652315090] livestatus: Timeperiod cache not updated, there are no timeperiods (yet)
[1652315150] livestatus: Timeperiod cache not updated, there are no timeperiods (yet)
[1652315210] livestatus: Timeperiod cache not updated, there are no timeperiods (yet)
[1652315270] livestatus: Timeperiod cache not updated, there are no timeperiods (yet)
[1652315330] livestatus: Timeperiod cache not updated, there are no timeperiods (yet)
[1652315390] livestatus: Timeperiod cache not updated, there are no timeperiods (yet)
[1652315450] livestatus: Timeperiod cache not updated, there are no timeperiods (yet)
[1652315510] livestatus: Timeperiod cache not updated, there are no timeperiods (yet)
[1652315570] livestatus: Timeperiod cache not updated, there are no timeperiods (yet)
[1652315630] livestatus: Timeperiod cache not updated, there are no timeperiods (yet)
[1652315690] livestatus: Timeperiod cache not updated, there are no timeperiods (yet)
[1652315750] livestatus: Timeperiod cache not updated, there are no timeperiods (yet)
[1652315810] livestatus: Timeperiod cache not updated, there are no timeperiods (yet)
[1652315870] livestatus: Timeperiod cache not updated, there are no timeperiods (yet)
[1652315930] livestatus: Timeperiod cache not updated, there are no timeperiods (yet)
[1652315990] livestatus: Timeperiod cache not updated, there are no timeperiods (yet)
[1652316050] livestatus: Timeperiod cache not updated, there are no timeperiods (yet)
[1652316111] livestatus: Timeperiod cache not updated, there are no timeperiods (yet)
[1652316171] livestatus: Timeperiod cache not updated, there are no timeperiods (yet)
[1652316231] livestatus: Timeperiod cache not updated, there are no timeperiods (yet)
[1652316291] livestatus: Timeperiod cache not updated, there are no timeperiods (yet)
[1652316351] livestatus: Timeperiod cache not updated, there are no timeperiods (yet)
[1652316411] livestatus: Timeperiod cache not updated, there are no timeperiods (yet)
[1652316471] livestatus: Timeperiod cache not updated, there are no timeperiods (yet)
[1652316531] livestatus: Timeperiod cache not updated, there are no timeperiods (yet)
[1652316591] livestatus: Timeperiod cache not updated, there are no timeperiods (yet)
[1652316651] livestatus: Timeperiod cache not updated, there are no timeperiods (yet)
[1652316711] livestatus: Timeperiod cache not updated, there are no timeperiods (yet)
[1652316771] livestatus: Timeperiod cache not updated, there are no timeperiods (yet)
[1652316831] livestatus: Timeperiod cache not updated, there are no timeperiods (yet)
[1652316891] livestatus: Timeperiod cache not updated, there are no timeperiods (yet)
[1652316951] livestatus: Timeperiod cache not updated, there are no timeperiods (yet)
[1652317011] livestatus: Timeperiod cache not updated, there are no timeperiods (yet)
[1652317071] livestatus: Timeperiod cache not updated, there are no timeperiods (yet)
[1652317131] livestatus: Timeperiod cache not updated, there are no timeperiods (yet)
[1652317191] livestatus: Timeperiod cache not updated, there are no timeperiods (yet)
[1652317252] livestatus: Timeperiod cache not updated, there are no timeperiods (yet)
[1652317312] livestatus: Timeperiod cache not updated, there are no timeperiods (yet)
[1652317372] livestatus: Timeperiod cache not updated, there are no timeperiods (yet)
[1652317432] livestatus: Timeperiod cache not updated, there are no timeperiods (yet)
[1652317492] livestatus: Timeperiod cache not updated, there are no timeperiods (yet)
[1652317543] Auto-save of retention data completed successfully.
[1652317552] livestatus: Timeperiod cache not updated, there are no timeperiods (yet)
[1652317612] livestatus: Timeperiod cache not updated, there are no timeperiods (yet)
[1652317672] livestatus: Timeperiod cache not updated, there are no timeperiods (yet)
[1652317732] livestatus: Timeperiod cache not updated, there are no timeperiods (yet)
[1652317792] livestatus: Timeperiod cache not updated, there are no timeperiods (yet)
[1652317852] livestatus: Timeperiod cache not updated, there are no timeperiods (yet)
[1652317912] livestatus: Timeperiod cache not updated, there are no timeperiods (yet)
[1652317972] livestatus: Timeperiod cache not updated, there are no timeperiods (yet)
[1652318032] livestatus: Timeperiod cache not updated, there are no timeperiods (yet)
[1652318092] livestatus: Timeperiod cache not updated, there are no timeperiods (yet)
[1652318152] livestatus: Timeperiod cache not updated, there are no timeperiods (yet)
[1652318212] livestatus: Timeperiod cache not updated, there are no timeperiods (yet)
[1652318272] livestatus: Timeperiod cache not updated, there are no timeperiods (yet)
[1652318333] livestatus: Timeperiod cache not updated, there are no timeperiods (yet)
[1652318393] livestatus: Timeperiod cache not updated, there are no timeperiods (yet)
[1652318453] livestatus: Timeperiod cache not updated, there are no timeperiods (yet)
[1652318513] livestatus: Timeperiod cache not updated, there are no timeperiods (yet)
[1652318573] livestatus: Timeperiod cache not updated, there are no timeperiods (yet)
[1652318633] livestatus: Timeperiod cache not updated, there are no timeperiods (yet)
[1652318693] livestatus: Timeperiod cache not updated, there are no timeperiods (yet)
[1652318753] livestatus: Timeperiod cache not updated, there are no timeperiods (yet)
[1652318813] livestatus: Timeperiod cache not updated, there are no timeperiods (yet)
[1652318873] livestatus: Timeperiod cache not updated, there are no timeperiods (yet)
[1652318933] livestatus: Timeperiod cache not updated, there are no timeperiods (yet)
[1652318993] livestatus: Timeperiod cache not updated, there are no timeperiods (yet)
[1652319053] livestatus: Timeperiod cache not updated, there are no timeperiods (yet)
[1652319113] livestatus: Timeperiod cache not updated, there are no timeperiods (yet)
[1652319173] livestatus: Timeperiod cache not updated, there are no timeperiods (yet)
[1652319233] livestatus: Timeperiod cache not updated, there are no timeperiods (yet)
[1652319293] livestatus: Timeperiod cache not updated, there are no timeperiods (yet)
[1652319353] livestatus: Timeperiod cache not updated, there are no timeperiods (yet)
[1652319414] livestatus: Timeperiod cache not updated, there are no timeperiods (yet)
[1652319474] livestatus: Timeperiod cache not updated, there are no timeperiods (yet)
[1652319534] livestatus: Timeperiod cache not updated, there are no timeperiods (yet)
[1652319594] livestatus: Timeperiod cache not updated, there are no timeperiods (yet)
[1652319654] livestatus: Timeperiod cache not updated, there are no timeperiods (yet)
[1652319714] livestatus: Timeperiod cache not updated, there are no timeperiods (yet)
[1652319774] livestatus: Timeperiod cache not updated, there are no timeperiods (yet)
[1652319834] livestatus: Timeperiod cache not updated, there are no timeperiods (yet)
[1652319894] livestatus: Timeperiod cache not updated, there are no timeperiods (yet)
[1652319954] livestatus: Timeperiod cache not updated, there are no timeperiods (yet)
[1652320014] livestatus: Timeperiod cache not updated, there are no timeperiods (yet)
[1652320074] livestatus: Timeperiod cache not updated, there are no timeperiods (yet)
[1652320134] livestatus: Timeperiod cache not updated, there are no timeperiods (yet)
[1652320194] livestatus: Timeperiod cache not updated, there are no timeperiods (yet)
[1652320254] livestatus: Timeperiod cache not updated, there are no timeperiods (yet)
[1652320314] livestatus: Timeperiod cache not updated, there are no timeperiods (yet)
[1652320374] livestatus: Timeperiod cache not updated, there are no timeperiods (yet)
[1652320434] livestatus: Timeperiod cache not updated, there are no timeperiods (yet)
[1652320494] livestatus: Timeperiod cache not updated, there are no timeperiods (yet)
[1652320555] livestatus: Timeperiod cache not updated, there are no timeperiods (yet)
[1652320615] livestatus: Timeperiod cache not updated, there are no timeperiods (yet)
[1652320675] livestatus: Timeperiod cache not updated, there are no timeperiods (yet)
[1652320735] livestatus: Timeperiod cache not updated, there are no timeperiods (yet)
[1652320795] livestatus: Timeperiod cache not updated, there are no timeperiods (yet)
[1652320855] livestatus: Timeperiod cache not updated, there are no timeperiods (yet)
[1652320915] livestatus: Timeperiod cache not updated, there are no timeperiods (yet)
[1652320975] livestatus: Timeperiod cache not updated, there are no timeperiods (yet)
[1652321035] livestatus: Timeperiod cache not updated, there are no timeperiods (yet)
[1652321095] livestatus: Timeperiod cache not updated, there are no timeperiods (yet)
[1652321143] Auto-save of retention data completed successfully.
[1652321155] livestatus: Timeperiod cache not updated, there are no timeperiods (yet)
[1652321215] livestatus: Timeperiod cache not updated, there are no timeperiods (yet)
[1652321275] livestatus: Timeperiod cache not updated, there are no timeperiods (yet)
[1652321335] livestatus: Timeperiod cache not updated, there are no timeperiods (yet)
[1652321395] livestatus: Timeperiod cache not updated, there are no timeperiods (yet)
[1652321455] livestatus: Timeperiod cache not updated, there are no timeperiods (yet)
[1652321515] livestatus: Timeperiod cache not updated, there are no timeperiods (yet)
[1652321575] livestatus: Timeperiod cache not updated, there are no timeperiods (yet)
[1652321635] livestatus: Timeperiod cache not updated, there are no timeperiods (yet)
[1652321696] livestatus: Timeperiod cache not updated, there are no timeperiods (yet)
[1652321756] livestatus: Timeperiod cache not updated, there are no timeperiods (yet)
[1652321816] livestatus: Timeperiod cache not updated, there are no timeperiods (yet)
[1652321876] livestatus: Timeperiod cache not updated, there are no timeperiods (yet)
[1652321936] livestatus: Timeperiod cache not updated, there are no timeperiods (yet)
[1652321996] livestatus: Timeperiod cache not updated, there are no timeperiods (yet)
[1652322056] livestatus: Timeperiod cache not updated, there are no timeperiods (yet)
[1652322116] livestatus: Timeperiod cache not updated, there are no timeperiods (yet)
[1652322176] livestatus: Timeperiod cache not updated, there are no timeperiods (yet)
[1652322236] livestatus: Timeperiod cache not updated, there are no timeperiods (yet)
[1652322296] livestatus: Timeperiod cache not updated, there are no timeperiods (yet)
[1652322356] livestatus: Timeperiod cache not updated, there are no timeperiods (yet)
[1652322416] livestatus: Timeperiod cache not updated, there are no timeperiods (yet)
[1652322476] livestatus: Timeperiod cache not updated, there are no timeperiods (yet)
[1652322536] livestatus: Timeperiod cache not updated, there are no timeperiods (yet)
[1652322596] livestatus: Timeperiod cache not updated, there are no timeperiods (yet)
[1652322656] livestatus: Timeperiod cache not updated, there are no timeperiods (yet)
[1652322716] livestatus: Timeperiod cache not updated, there are no timeperiods (yet)
[1652322777] livestatus: Timeperiod cache not updated, there are no timeperiods (yet)
[1652322837] livestatus: Timeperiod cache not updated, there are no timeperiods (yet)
[1652322897] livestatus: Timeperiod cache not updated, there are no timeperiods (yet)
[1652322957] livestatus: Timeperiod cache not updated, there are no timeperiods (yet)
[1652323017] livestatus: Timeperiod cache not updated, there are no timeperiods (yet)
[1652323077] livestatus: Timeperiod cache not updated, there are no timeperiods (yet)
[1652323137] livestatus: Timeperiod cache not updated, there are no timeperiods (yet)
[1652323197] livestatus: Timeperiod cache not updated, there are no timeperiods (yet)
[1652323257] livestatus: Timeperiod cache not updated, there are no timeperiods (yet)
[1652323317] livestatus: Timeperiod cache not updated, there are no timeperiods (yet)
[1652323377] livestatus: Timeperiod cache not updated, there are no timeperiods (yet)
[1652323437] livestatus: Timeperiod cache not updated, there are no timeperiods (yet)
[1652323497] livestatus: Timeperiod cache not updated, there are no timeperiods (yet)
[1652323557] livestatus: Timeperiod cache not updated, there are no timeperiods (yet)
[1652323617] livestatus: Timeperiod cache not updated, there are no timeperiods (yet)
[1652323677] livestatus: Timeperiod cache not updated, there are no timeperiods (yet)
[1652323737] livestatus: Timeperiod cache not updated, there are no timeperiods (yet)
[1652323797] livestatus: Timeperiod cache not updated, there are no timeperiods (yet)
[1652323857] livestatus: Timeperiod cache not updated, there are no timeperiods (yet)
[1652323918] livestatus: Timeperiod cache not updated, there are no timeperiods (yet)
[1652323978] livestatus: Timeperiod cache not updated, there are no timeperiods (yet)
[1652324038] livestatus: Timeperiod cache not updated, there are no timeperiods (yet)
[1652324098] livestatus: Timeperiod cache not updated, there are no timeperiods (yet)
[1652324158] livestatus: Timeperiod cache not updated, there are no timeperiods (yet)
[1652324218] livestatus: Timeperiod cache not updated, there are no timeperiods (yet)
[1652324278] livestatus: Timeperiod cache not updated, there are no timeperiods (yet)
[1652324338] livestatus: Timeperiod cache not updated, there are no timeperiods (yet)
[1652324398] livestatus: Timeperiod cache not updated, there are no timeperiods (yet)
[1652324458] livestatus: Timeperiod cache not updated, there are no timeperiods (yet)
[1652324518] livestatus: Timeperiod cache not updated, there are no timeperiods (yet)
[1652324578] livestatus: Timeperiod cache not updated, there are no timeperiods (yet)
[1652324638] livestatus: Timeperiod cache not updated, there are no timeperiods (yet)
[1652324698] livestatus: Timeperiod cache not updated, there are no timeperiods (yet)
[1652324743] Auto-save of retention data completed successfully.
[1652324758] livestatus: Timeperiod cache not updated, there are no timeperiods (yet)
[1652324818] livestatus: Timeperiod cache not updated, there are no timeperiods (yet)
[1652324878] livestatus: Timeperiod cache not updated, there are no timeperiods (yet)
[1652324938] livestatus: Timeperiod cache not updated, there are no timeperiods (yet)
[1652324999] livestatus: Timeperiod cache not updated, there are no timeperiods (yet)
[1652325059] livestatus: Timeperiod cache not updated, there are no timeperiods (yet)
[1652325119] livestatus: Timeperiod cache not updated, there are no timeperiods (yet)
[1652325179] livestatus: Timeperiod cache not updated, there are no timeperiods (yet)
[1652325239] livestatus: Timeperiod cache not updated, there are no timeperiods (yet)
[1652325299] livestatus: Timeperiod cache not updated, there are no timeperiods (yet)
[1652325359] livestatus: Timeperiod cache not updated, there are no timeperiods (yet)
[1652325419] livestatus: Timeperiod cache not updated, there are no timeperiods (yet)
[1652325479] livestatus: Timeperiod cache not updated, there are no timeperiods (yet)
[1652325539] livestatus: Timeperiod cache not updated, there are no timeperiods (yet)
[1652325599] livestatus: Timeperiod cache not updated, there are no timeperiods (yet)
[1652325659] livestatus: Timeperiod cache not updated, there are no timeperiods (yet)
[1652325719] livestatus: Timeperiod cache not updated, there are no timeperiods (yet)
[1652325779] livestatus: Timeperiod cache not updated, there are no timeperiods (yet)
[1652325839] livestatus: Timeperiod cache not updated, there are no timeperiods (yet)
[1652325899] livestatus: Timeperiod cache not updated, there are no timeperiods (yet)
[1652325959] livestatus: Timeperiod cache not updated, there are no timeperiods (yet)
[1652326019] livestatus: Timeperiod cache not updated, there are no timeperiods (yet)
[1652326080] livestatus: Timeperiod cache not updated, there are no timeperiods (yet)
[1652326140] livestatus: Timeperiod cache not updated, there are no timeperiods (yet)
[1652326200] livestatus: Timeperiod cache not updated, there are no timeperiods (yet)
[1652326260] livestatus: Timeperiod cache not updated, there are no timeperiods (yet)
[1652326320] livestatus: Timeperiod cache not updated, there are no timeperiods (yet)
[1652326380] livestatus: Timeperiod cache not updated, there are no timeperiods (yet)
[1652326440] livestatus: Timeperiod cache not updated, there are no timeperiods (yet)
[1652326500] livestatus: Timeperiod cache not updated, there are no timeperiods (yet)
[1652326560] livestatus: Timeperiod cache not updated, there are no timeperiods (yet)
[1652326620] livestatus: Timeperiod cache not updated, there are no timeperiods (yet)
[1652326680] livestatus: Timeperiod cache not updated, there are no timeperiods (yet)
[1652326740] livestatus: Timeperiod cache not updated, there are no timeperiods (yet)
[1652326800] livestatus: Timeperiod cache not updated, there are no timeperiods (yet)
[1652326860] livestatus: Timeperiod cache not updated, there are no timeperiods (yet)
[1652326920] livestatus: Timeperiod cache not updated, there are no timeperiods (yet)
[1652326980] livestatus: Timeperiod cache not updated, there are no timeperiods (yet)
[1652327040] livestatus: Timeperiod cache not updated, there are no timeperiods (yet)
[1652327100] livestatus: Timeperiod cache not updated, there are no timeperiods (yet)
[1652327160] livestatus: Timeperiod cache not updated, there are no timeperiods (yet)
[1652327220] livestatus: Timeperiod cache not updated, there are no timeperiods (yet)
[1652327281] livestatus: Timeperiod cache not updated, there are no timeperiods (yet)
[1652327341] livestatus: Timeperiod cache not updated, there are no timeperiods (yet)
[1652327401] livestatus: Timeperiod cache not updated, there are no timeperiods (yet)
[1652327461] livestatus: Timeperiod cache not updated, there are no timeperiods (yet)
[1652327521] livestatus: Timeperiod cache not updated, there are no timeperiods (yet)
[1652327581] livestatus: Timeperiod cache not updated, there are no timeperiods (yet)
[1652327641] livestatus: Timeperiod cache not updated, there are no timeperiods (yet)
[1652327701] livestatus: Timeperiod cache not updated, there are no timeperiods (yet)
[1652327761] livestatus: Timeperiod cache not updated, there are no timeperiods (yet)
[1652327821] livestatus: Timeperiod cache not updated, there are no timeperiods (yet)
[1652327881] livestatus: Timeperiod cache not updated, there are no timeperiods (yet)
[1652327941] livestatus: Timeperiod cache not updated, there are no timeperiods (yet)
[1652328001] livestatus: Timeperiod cache not updated, there are no timeperiods (yet)
[1652328061] livestatus: Timeperiod cache not updated, there are no timeperiods (yet)
[1652328121] livestatus: Timeperiod cache not updated, there are no timeperiods (yet)
[1652328181] livestatus: Timeperiod cache not updated, there are no timeperiods (yet)
[1652328241] livestatus: Timeperiod cache not updated, there are no timeperiods (yet)
[1652328302] livestatus: Timeperiod cache not updated, there are no timeperiods (yet)
[1652328343] Auto-save of retention data completed successfully.
[1652328362] livestatus: Timeperiod cache not updated, there are no timeperiods (yet)
[1652328422] livestatus: Timeperiod cache not updated, there are no timeperiods (yet)
[1652328482] livestatus: Timeperiod cache not updated, there are no timeperiods (yet)
[1652328542] livestatus: Timeperiod cache not updated, there are no timeperiods (yet)
[1652328602] livestatus: Timeperiod cache not updated, there are no timeperiods (yet)
[1652328662] livestatus: Timeperiod cache not updated, there are no timeperiods (yet)
[1652328722] livestatus: Timeperiod cache not updated, there are no timeperiods (yet)
[1652328782] livestatus: Timeperiod cache not updated, there are no timeperiods (yet)
[1652328842] livestatus: Timeperiod cache not updated, there are no timeperiods (yet)
[1652328902] livestatus: Timeperiod cache not updated, there are no timeperiods (yet)
[1652328962] livestatus: Timeperiod cache not updated, there are no timeperiods (yet)
[1652329022] livestatus: Timeperiod cache not updated, there are no timeperiods (yet)
[1652329082] livestatus: Timeperiod cache not updated, there are no timeperiods (yet)
[1652329142] livestatus: Timeperiod cache not updated, there are no timeperiods (yet)
[1652329202] livestatus: Timeperiod cache not updated, there are no timeperiods (yet)
[1652329263] livestatus: Timeperiod cache not updated, there are no timeperiods (yet)
[1652329323] livestatus: Timeperiod cache not updated, there are no timeperiods (yet)
[1652329383] livestatus: Timeperiod cache not updated, there are no timeperiods (yet)
[1652329443] livestatus: Timeperiod cache not updated, there are no timeperiods (yet)
[1652329503] livestatus: Timeperiod cache not updated, there are no timeperiods (yet)
[1652329563] livestatus: Timeperiod cache not updated, there are no timeperiods (yet)
[1652329623] livestatus: Timeperiod cache not updated, there are no timeperiods (yet)
[1652329683] livestatus: Timeperiod cache not updated, there are no timeperiods (yet)
[1652329743] livestatus: Timeperiod cache not updated, there are no timeperiods (yet)
[1652329803] livestatus: Timeperiod cache not updated, there are no timeperiods (yet)
[1652329863] livestatus: Timeperiod cache not updated, there are no timeperiods (yet)
[1652329923] livestatus: Timeperiod cache not updated, there are no timeperiods (yet)
[1652329983] livestatus: Timeperiod cache not updated, there are no timeperiods (yet)
[1652330043] livestatus: Timeperiod cache not updated, there are no timeperiods (yet)
[1652330103] livestatus: Timeperiod cache not updated, there are no timeperiods (yet)
[1652330163] livestatus: Timeperiod cache not updated, there are no timeperiods (yet)
[1652330223] livestatus: Timeperiod cache not updated, there are no timeperiods (yet)
[1652330283] livestatus: Timeperiod cache not updated, there are no timeperiods (yet)
[1652330343] livestatus: Timeperiod cache not updated, there are no timeperiods (yet)
[1652330403] livestatus: Timeperiod cache not updated, there are no timeperiods (yet)
[1652330464] livestatus: Timeperiod cache not updated, there are no timeperiods (yet)
[1652330524] livestatus: Timeperiod cache not updated, there are no timeperiods (yet)
[1652330584] livestatus: Timeperiod cache not updated, there are no timeperiods (yet)
[1652330644] livestatus: Timeperiod cache not updated, there are no timeperiods (yet)
[1652330704] livestatus: Timeperiod cache not updated, there are no timeperiods (yet)
[1652330764] livestatus: Timeperiod cache not updated, there are no timeperiods (yet)
[1652330824] livestatus: Timeperiod cache not updated, there are no timeperiods (yet)
[1652330884] livestatus: Timeperiod cache not updated, there are no timeperiods (yet)
[1652330944] livestatus: Timeperiod cache not updated, there are no timeperiods (yet)
