2022-04-22 09:31:48,594 [20] [cmk.mkeventd] -----------------------------------------------------------------
2022-04-22 09:31:48,594 [20] [cmk.mkeventd] mkeventd version 2.0.0p23 starting
2022-04-22 09:31:48,596 [20] [cmk.mkeventd.EventServer] Created FIFO '/omd/sites/cmk/tmp/run/mkeventd/events' for receiving events
2022-04-22 09:31:48,596 [20] [cmk.mkeventd.EventServer] Opened UNIX socket '/omd/sites/cmk/tmp/run/mkeventd/eventsocket' for receiving events
2022-04-22 09:31:48,597 [20] [cmk.mkeventd.EventServer] Compiled 0 active rules (ignoring 0 disabled rules)
2022-04-22 09:31:48,597 [20] [cmk.mkeventd.EventServer] Rule hash: 0 rules - 0 hashed, 0 unspecific
2022-04-22 09:31:48,617 [20] [cmk.mkeventd] Daemonized with PID 466.
2022-04-22 09:31:48,629 [20] [cmk.mkeventd.StatusServer] Starting up
2022-04-22 09:31:48,632 [20] [cmk.mkeventd.EventServer] Starting up
2022-04-22 10:05:31,052 [20] [cmk.mkeventd] Signalled to death by signal 15
2022-04-22 10:05:31,230 [20] [cmk.mkeventd.StatusServer] Terminated
2022-04-22 10:05:31,927 [20] [cmk.mkeventd.EventServer] Terminated
2022-04-22 10:05:32,029 [20] [cmk.mkeventd.EventServer] Top 20 of facility/priority:
2022-04-22 10:05:32,029 [20] [cmk.mkeventd] Successfully shut down.
2022-04-22 10:05:42,818 [20] [cmk.mkeventd] -----------------------------------------------------------------
2022-04-22 10:05:42,818 [20] [cmk.mkeventd] mkeventd version 2.0.0p23 starting
2022-04-22 10:05:42,820 [20] [cmk.mkeventd.EventServer] Created FIFO '/omd/sites/cmk/tmp/run/mkeventd/events' for receiving events
2022-04-22 10:05:42,820 [20] [cmk.mkeventd.EventServer] Opened UNIX socket '/omd/sites/cmk/tmp/run/mkeventd/eventsocket' for receiving events
2022-04-22 10:05:42,821 [20] [cmk.mkeventd.EventStatus] Loaded event state from /omd/sites/cmk/var/mkeventd/status.
2022-04-22 10:05:42,821 [20] [cmk.mkeventd.EventServer] Compiled 0 active rules (ignoring 0 disabled rules)
2022-04-22 10:05:42,821 [20] [cmk.mkeventd.EventServer] Rule hash: 0 rules - 0 hashed, 0 unspecific
2022-04-22 10:05:42,841 [20] [cmk.mkeventd] Daemonized with PID 28.
2022-04-22 10:05:42,849 [20] [cmk.mkeventd.StatusServer] Starting up
2022-04-22 10:05:42,856 [20] [cmk.mkeventd.EventServer] Starting up
