2022-04-22 09:31:51,974 [20] [cmk.web.automations 575] RUN: check_mk --automation get-configuration
2022-04-22 09:31:51,974 [20] [cmk.web.automations 575] STDIN: "['use_new_descriptions_for', 'tcp_connect_timeout', 'simulation_mode', 'restart_locking', 'agent_simulator', 'delay_precompile', 'cluster_max_cachefile_age', 'piggyback_max_cachefile_age', 'check_mk_perfdata_with_times', 'use_dns_cache', 'snmp_backend_default', 'use_inline_snmp', 'http_proxies', 'inventory_check_interval', 'inventory_check_severity', 'inventory_check_autotrigger', 'enable_rulebased_notifications', 'notification_fallback_email', 'notification_backlog', 'notification_bulk_interval', 'notification_plugin_timeout', 'notification_logging']"
2022-04-22 09:31:53,042 [20] [cmk.web.automations 575] FINISHED: 0
2022-04-22 09:31:53,073 [20] [cmk.web.automations 575] RUN: check_mk --automation get-configuration
2022-04-22 09:31:53,073 [20] [cmk.web.automations 575] STDIN: "['use_new_descriptions_for', 'tcp_connect_timeout', 'simulation_mode', 'restart_locking', 'agent_simulator', 'delay_precompile', 'cluster_max_cachefile_age', 'piggyback_max_cachefile_age', 'check_mk_perfdata_with_times', 'use_dns_cache', 'snmp_backend_default', 'use_inline_snmp', 'http_proxies', 'inventory_check_interval', 'inventory_check_severity', 'inventory_check_autotrigger', 'enable_rulebased_notifications', 'notification_fallback_email', 'notification_backlog', 'notification_bulk_interval', 'notification_plugin_timeout', 'notification_logging']"
2022-04-22 09:31:54,003 [20] [cmk.web.automations 575] FINISHED: 0
2022-04-22 09:31:54,333 [20] [cmk.web.automations 575] RUN: check_mk --automation get-configuration
2022-04-22 09:31:54,333 [20] [cmk.web.automations 575] STDIN: "['use_new_descriptions_for', 'tcp_connect_timeout', 'simulation_mode', 'restart_locking', 'agent_simulator', 'delay_precompile', 'cluster_max_cachefile_age', 'piggyback_max_cachefile_age', 'check_mk_perfdata_with_times', 'use_dns_cache', 'snmp_backend_default', 'use_inline_snmp', 'http_proxies', 'inventory_check_interval', 'inventory_check_severity', 'inventory_check_autotrigger', 'enable_rulebased_notifications', 'notification_fallback_email', 'notification_backlog', 'notification_bulk_interval', 'notification_plugin_timeout', 'notification_logging']"
2022-04-22 09:31:55,227 [20] [cmk.web.automations 575] FINISHED: 0
2022-04-22 09:31:55,257 [20] [cmk.web.automations 575] RUN: check_mk --automation get-configuration
2022-04-22 09:31:55,257 [20] [cmk.web.automations 575] STDIN: "['use_new_descriptions_for', 'tcp_connect_timeout', 'simulation_mode', 'restart_locking', 'agent_simulator', 'delay_precompile', 'cluster_max_cachefile_age', 'piggyback_max_cachefile_age', 'check_mk_perfdata_with_times', 'use_dns_cache', 'snmp_backend_default', 'use_inline_snmp', 'http_proxies', 'inventory_check_interval', 'inventory_check_severity', 'inventory_check_autotrigger', 'enable_rulebased_notifications', 'notification_fallback_email', 'notification_backlog', 'notification_bulk_interval', 'notification_plugin_timeout', 'notification_logging']"
2022-04-22 09:31:56,181 [20] [cmk.web.automations 575] FINISHED: 0
2022-04-22 09:31:56,442 [20] [cmk.web.automations 575] RUN: check_mk --automation get-configuration
2022-04-22 09:31:56,443 [20] [cmk.web.automations 575] STDIN: "['use_new_descriptions_for', 'tcp_connect_timeout', 'simulation_mode', 'restart_locking', 'agent_simulator', 'delay_precompile', 'cluster_max_cachefile_age', 'piggyback_max_cachefile_age', 'check_mk_perfdata_with_times', 'use_dns_cache', 'snmp_backend_default', 'use_inline_snmp', 'http_proxies', 'inventory_check_interval', 'inventory_check_severity', 'inventory_check_autotrigger', 'enable_rulebased_notifications', 'notification_fallback_email', 'notification_backlog', 'notification_bulk_interval', 'notification_plugin_timeout', 'notification_logging']"
2022-04-22 09:31:57,415 [20] [cmk.web.automations 575] FINISHED: 0
2022-04-22 09:31:57,446 [20] [cmk.web.automations 575] RUN: check_mk --automation get-configuration
2022-04-22 09:31:57,447 [20] [cmk.web.automations 575] STDIN: "['use_new_descriptions_for', 'tcp_connect_timeout', 'simulation_mode', 'restart_locking', 'agent_simulator', 'delay_precompile', 'cluster_max_cachefile_age', 'piggyback_max_cachefile_age', 'check_mk_perfdata_with_times', 'use_dns_cache', 'snmp_backend_default', 'use_inline_snmp', 'http_proxies', 'inventory_check_interval', 'inventory_check_severity', 'inventory_check_autotrigger', 'enable_rulebased_notifications', 'notification_fallback_email', 'notification_backlog', 'notification_bulk_interval', 'notification_plugin_timeout', 'notification_logging']"
2022-04-22 09:31:58,405 [20] [cmk.web.automations 575] FINISHED: 0
2022-04-22 09:32:05,484 [30] [cmk.web.background-job 629] Found no abandoned profile.
2022-04-22 10:05:49,297 [20] [cmk.web.automations 140] RUN: check_mk --automation get-configuration
2022-04-22 10:05:49,297 [20] [cmk.web.automations 140] STDIN: "['use_new_descriptions_for', 'tcp_connect_timeout', 'simulation_mode', 'restart_locking', 'agent_simulator', 'delay_precompile', 'cluster_max_cachefile_age', 'piggyback_max_cachefile_age', 'check_mk_perfdata_with_times', 'use_dns_cache', 'snmp_backend_default', 'use_inline_snmp', 'http_proxies', 'inventory_check_interval', 'inventory_check_severity', 'inventory_check_autotrigger', 'enable_rulebased_notifications', 'notification_fallback_email', 'notification_backlog', 'notification_bulk_interval', 'notification_plugin_timeout', 'notification_logging']"
2022-04-22 10:05:52,594 [20] [cmk.web.automations 140] FINISHED: 0
2022-04-22 10:05:52,719 [20] [cmk.web.automations 140] RUN: check_mk --automation get-configuration
2022-04-22 10:05:52,719 [20] [cmk.web.automations 140] STDIN: "['use_new_descriptions_for', 'tcp_connect_timeout', 'simulation_mode', 'restart_locking', 'agent_simulator', 'delay_precompile', 'cluster_max_cachefile_age', 'piggyback_max_cachefile_age', 'check_mk_perfdata_with_times', 'use_dns_cache', 'snmp_backend_default', 'use_inline_snmp', 'http_proxies', 'inventory_check_interval', 'inventory_check_severity', 'inventory_check_autotrigger', 'enable_rulebased_notifications', 'notification_fallback_email', 'notification_backlog', 'notification_bulk_interval', 'notification_plugin_timeout', 'notification_logging']"
2022-04-22 10:05:58,633 [20] [cmk.web.automations 140] FINISHED: 0
2022-04-22 10:06:00,824 [20] [cmk.web.automations 140] RUN: check_mk --automation get-configuration
2022-04-22 10:06:00,844 [20] [cmk.web.automations 140] STDIN: "['use_new_descriptions_for', 'tcp_connect_timeout', 'simulation_mode', 'restart_locking', 'agent_simulator', 'delay_precompile', 'cluster_max_cachefile_age', 'piggyback_max_cachefile_age', 'check_mk_perfdata_with_times', 'use_dns_cache', 'snmp_backend_default', 'use_inline_snmp', 'http_proxies', 'inventory_check_interval', 'inventory_check_severity', 'inventory_check_autotrigger', 'enable_rulebased_notifications', 'notification_fallback_email', 'notification_backlog', 'notification_bulk_interval', 'notification_plugin_timeout', 'notification_logging']"
2022-04-22 10:06:10,234 [20] [cmk.web.automations 140] FINISHED: 0
2022-04-22 10:06:10,525 [20] [cmk.web.automations 140] RUN: check_mk --automation get-configuration
2022-04-22 10:06:10,525 [20] [cmk.web.automations 140] STDIN: "['use_new_descriptions_for', 'tcp_connect_timeout', 'simulation_mode', 'restart_locking', 'agent_simulator', 'delay_precompile', 'cluster_max_cachefile_age', 'piggyback_max_cachefile_age', 'check_mk_perfdata_with_times', 'use_dns_cache', 'snmp_backend_default', 'use_inline_snmp', 'http_proxies', 'inventory_check_interval', 'inventory_check_severity', 'inventory_check_autotrigger', 'enable_rulebased_notifications', 'notification_fallback_email', 'notification_backlog', 'notification_bulk_interval', 'notification_plugin_timeout', 'notification_logging']"
2022-04-22 10:06:20,053 [20] [cmk.web.automations 140] FINISHED: 0
2022-04-22 10:06:22,397 [20] [cmk.web.automations 140] RUN: check_mk --automation get-configuration
2022-04-22 10:06:22,397 [20] [cmk.web.automations 140] STDIN: "['use_new_descriptions_for', 'tcp_connect_timeout', 'simulation_mode', 'restart_locking', 'agent_simulator', 'delay_precompile', 'cluster_max_cachefile_age', 'piggyback_max_cachefile_age', 'check_mk_perfdata_with_times', 'use_dns_cache', 'snmp_backend_default', 'use_inline_snmp', 'http_proxies', 'inventory_check_interval', 'inventory_check_severity', 'inventory_check_autotrigger', 'enable_rulebased_notifications', 'notification_fallback_email', 'notification_backlog', 'notification_bulk_interval', 'notification_plugin_timeout', 'notification_logging']"
2022-04-22 10:06:29,353 [20] [cmk.web.automations 140] FINISHED: 0
2022-04-22 10:06:29,461 [20] [cmk.web.automations 140] RUN: check_mk --automation get-configuration
2022-04-22 10:06:29,461 [20] [cmk.web.automations 140] STDIN: "['use_new_descriptions_for', 'tcp_connect_timeout', 'simulation_mode', 'restart_locking', 'agent_simulator', 'delay_precompile', 'cluster_max_cachefile_age', 'piggyback_max_cachefile_age', 'check_mk_perfdata_with_times', 'use_dns_cache', 'snmp_backend_default', 'use_inline_snmp', 'http_proxies', 'inventory_check_interval', 'inventory_check_severity', 'inventory_check_autotrigger', 'enable_rulebased_notifications', 'notification_fallback_email', 'notification_backlog', 'notification_bulk_interval', 'notification_plugin_timeout', 'notification_logging']"
2022-04-22 10:06:34,013 [20] [cmk.web.automations 140] FINISHED: 0
2022-04-22 10:33:01,833 [30] [cmk.web.background-job 3019] Found no abandoned profile.
2022-04-22 11:02:53,970 [30] [cmk.web.automations 6189] 'check_mk --automation try-inventory @noscan pc-rob' returned 'Failed to lookup IPv4 address of pc-rob via DNS: [Errno -2] Name or service not known
'
2022-04-22 11:02:53,971 [40] [cmk.web.automations 6189] Error running 'check_mk --automation try-inventory @noscan pc-rob' (exit code 2)
2022-04-22 11:02:53,971 [40] [cmk.web.background-job 6189] Exception in background function
Traceback (most recent call last):
  File "/omd/sites/cmk/lib/python3/cmk/gui/background_job.py", line 210, in _execute_function
    func_ptr(*args, **kwargs)
  File "/omd/sites/cmk/lib/python3/cmk/gui/watolib/services.py", line 602, in discover
    self._pre_try_discovery = self._get_try_discovery(request)
  File "/omd/sites/cmk/lib/python3/cmk/gui/watolib/services.py", line 676, in _get_try_discovery
    check_mk_automation(
  File "/omd/sites/cmk/lib/python3/cmk/gui/watolib/automations.py", line 68, in check_mk_automation
    return check_mk_local_automation(command, args, indata, stdin_data, timeout)
  File "/omd/sites/cmk/lib/python3/cmk/gui/watolib/automations.py", line 140, in check_mk_local_automation
    raise _local_automation_failure(
cmk.utils.exceptions.MKGeneralException: Error running automation call <tt>try-inventory</tt> (exit code 2), error: <pre>Failed to lookup IPv4 address of pc-rob via DNS: [Errno -2] Name or service not known
</pre>
2022-04-22 11:02:57,165 [30] [cmk.web.automations 420] 'check_mk --automation try-inventory @noscan pc-rob' returned 'Failed to lookup IPv4 address of pc-rob via DNS: [Errno -2] Name or service not known
'
2022-04-22 11:02:57,165 [40] [cmk.web.automations 420] http://10.100.10.54:443/cmk/check_mk/ajax_service_discovery.py/cmk/check_mk/ajax_service_discovery.py Error running 'check_mk --automation try-inventory @noscan pc-rob' (exit code 2)
2022-04-22 11:07:29,115 [30] [cmk.web.automations 6339] 'check_mk --automation diag-host pc-rob agent   6556 1 5 5       ' returned 'Cannot resolve hostname pc-rob into IP address
'
2022-04-22 11:07:29,115 [40] [cmk.web.automations 6339] http://10.100.10.54:443/cmk/check_mk/wato_ajax_diag_host.py/cmk/check_mk/wato_ajax_diag_host.py?host=pc-rob&_test=agent&_transid=1650618430%2F1945853814&ipaddress=&agent_port=6556&tcp_connect_timeout=5&snmp_timeout=1&snmp_retries=5&_ajaxid=1650618430 Error running 'check_mk --automation diag-host pc-rob agent "" "" 6556 1 5 5 "" "" "" "" "" "" ""' (exit code 2)
2022-04-22 11:07:29,277 [30] [cmk.web.automations 6179] 'check_mk --automation diag-host pc-rob ping   6556 1 5 5       ' returned 'Cannot resolve hostname pc-rob into IP address
'
2022-04-22 11:07:29,278 [40] [cmk.web.automations 6179] http://10.100.10.54:443/cmk/check_mk/wato_ajax_diag_host.py/cmk/check_mk/wato_ajax_diag_host.py?host=pc-rob&_test=ping&_transid=1650618430%2F457788495&ipaddress=&agent_port=6556&tcp_connect_timeout=5&snmp_timeout=1&snmp_retries=5&_ajaxid=1650618430 Error running 'check_mk --automation diag-host pc-rob ping "" "" 6556 1 5 5 "" "" "" "" "" "" ""' (exit code 2)
2022-04-22 11:07:29,389 [30] [cmk.web.automations 164] 'check_mk --automation diag-host pc-rob snmpv1   6556 1 5 5       ' returned 'Cannot resolve hostname pc-rob into IP address
'
2022-04-22 11:07:29,389 [40] [cmk.web.automations 164] http://10.100.10.54:443/cmk/check_mk/wato_ajax_diag_host.py/cmk/check_mk/wato_ajax_diag_host.py?host=pc-rob&_test=snmpv1&_transid=1650618430%2F174111212&ipaddress=&agent_port=6556&tcp_connect_timeout=5&snmp_timeout=1&snmp_retries=5&_ajaxid=1650618430 Error running 'check_mk --automation diag-host pc-rob snmpv1 "" "" 6556 1 5 5 "" "" "" "" "" "" ""' (exit code 2)
2022-04-22 11:07:29,392 [30] [cmk.web.automations 420] 'check_mk --automation diag-host pc-rob snmpv2_nobulk   6556 1 5 5       ' returned 'Cannot resolve hostname pc-rob into IP address
'
2022-04-22 11:07:29,393 [40] [cmk.web.automations 420] http://10.100.10.54:443/cmk/check_mk/wato_ajax_diag_host.py/cmk/check_mk/wato_ajax_diag_host.py?host=pc-rob&_test=snmpv2_nobulk&_transid=1650618430%2F3192206832&ipaddress=&agent_port=6556&tcp_connect_timeout=5&snmp_timeout=1&snmp_retries=5&_ajaxid=1650618430 Error running 'check_mk --automation diag-host pc-rob snmpv2_nobulk "" "" 6556 1 5 5 "" "" "" "" "" "" ""' (exit code 2)
2022-04-22 11:07:29,400 [30] [cmk.web.automations 6180] 'check_mk --automation diag-host pc-rob snmpv2   6556 1 5 5       ' returned 'Cannot resolve hostname pc-rob into IP address
'
2022-04-22 11:07:29,400 [40] [cmk.web.automations 6180] http://10.100.10.54:443/cmk/check_mk/wato_ajax_diag_host.py/cmk/check_mk/wato_ajax_diag_host.py?host=pc-rob&_test=snmpv2&_transid=1650618430%2F386590283&ipaddress=&agent_port=6556&tcp_connect_timeout=5&snmp_timeout=1&snmp_retries=5&_ajaxid=1650618430 Error running 'check_mk --automation diag-host pc-rob snmpv2 "" "" 6556 1 5 5 "" "" "" "" "" "" ""' (exit code 2)
2022-04-22 11:07:36,149 [30] [cmk.web.automations 6339] 'check_mk --automation diag-host pc-rob traceroute   6556 1 5 5       ' returned 'Cannot resolve hostname pc-rob into IP address
'
2022-04-22 11:07:36,149 [40] [cmk.web.automations 6339] http://10.100.10.54:443/cmk/check_mk/wato_ajax_diag_host.py/cmk/check_mk/wato_ajax_diag_host.py?host=pc-rob&_test=traceroute&_transid=1650618430%2F3025603835&ipaddress=&agent_port=6556&tcp_connect_timeout=5&snmp_timeout=1&snmp_retries=5&_ajaxid=1650618430 Error running 'check_mk --automation diag-host pc-rob traceroute "" "" 6556 1 5 5 "" "" "" "" "" "" ""' (exit code 2)
2022-04-22 11:07:37,496 [30] [cmk.web.automations 6705] 'check_mk --automation diag-host pc-rob snmpv3   6556 1 5 5       ' returned 'Cannot resolve hostname pc-rob into IP address
'
2022-04-22 11:07:37,497 [40] [cmk.web.automations 6705] http://10.100.10.54:443/cmk/check_mk/wato_ajax_diag_host.py/cmk/check_mk/wato_ajax_diag_host.py?host=pc-rob&_test=snmpv3&_transid=1650618430%2F1200234618&ipaddress=&agent_port=6556&tcp_connect_timeout=5&snmp_timeout=1&snmp_retries=5&_ajaxid=1650618430 Error running 'check_mk --automation diag-host pc-rob snmpv3 "" "" 6556 1 5 5 "" "" "" "" "" "" ""' (exit code 2)
2022-04-22 11:34:01,927 [30] [cmk.web.background-job 9599] Found no abandoned profile.
2022-04-22 12:34:02,073 [30] [cmk.web.background-job 15922] Found no abandoned profile.
2022-04-22 13:35:02,396 [30] [cmk.web.background-job 22359] Found no abandoned profile.
2022-04-22 14:36:01,855 [30] [cmk.web.background-job 28791] Found no abandoned profile.
2022-04-22 15:36:02,408 [30] [cmk.web.background-job 35178] Found no abandoned profile.
2022-04-22 16:37:01,394 [30] [cmk.web.background-job 41607] Found no abandoned profile.
2022-04-22 17:38:01,779 [30] [cmk.web.background-job 48040] Found no abandoned profile.
2022-04-22 18:38:02,052 [30] [cmk.web.background-job 54363] Found no abandoned profile.
2022-04-22 19:39:01,636 [30] [cmk.web.background-job 60827] Found no abandoned profile.
2022-04-22 20:39:02,220 [30] [cmk.web.background-job 67230] Found no abandoned profile.
2022-04-22 21:40:02,573 [30] [cmk.web.background-job 73663] Found no abandoned profile.
2022-04-22 22:41:01,302 [30] [cmk.web.background-job 80091] Found no abandoned profile.
2022-04-22 23:41:02,373 [30] [cmk.web.background-job 86416] Found no abandoned profile.
2022-04-23 00:42:01,546 [30] [cmk.web.background-job 92883] Found no abandoned profile.
2022-04-23 01:42:01,796 [30] [cmk.web.background-job 99276] Found no abandoned profile.
2022-04-23 02:43:01,746 [30] [cmk.web.background-job 105702] Found no abandoned profile.
2022-04-23 03:43:02,214 [30] [cmk.web.background-job 112026] Found no abandoned profile.
2022-04-23 04:44:02,165 [30] [cmk.web.background-job 118459] Found no abandoned profile.
2022-04-23 05:44:02,362 [30] [cmk.web.background-job 124845] Found no abandoned profile.
2022-04-23 06:45:02,588 [30] [cmk.web.background-job 131400] Found no abandoned profile.
2022-04-23 07:46:02,179 [30] [cmk.web.background-job 137831] Found no abandoned profile.
2022-04-23 08:47:02,360 [30] [cmk.web.background-job 144258] Found no abandoned profile.
2022-04-23 09:48:01,578 [30] [cmk.web.background-job 150690] Found no abandoned profile.
2022-04-23 10:48:01,874 [30] [cmk.web.background-job 157014] Found no abandoned profile.
2022-04-23 11:49:01,949 [30] [cmk.web.background-job 163443] Found no abandoned profile.
2022-04-23 12:50:02,240 [30] [cmk.web.background-job 169947] Found no abandoned profile.
2022-04-23 13:51:02,054 [30] [cmk.web.background-job 176366] Found no abandoned profile.
2022-04-23 14:52:01,934 [30] [cmk.web.background-job 182796] Found no abandoned profile.
2022-04-23 15:53:01,768 [30] [cmk.web.background-job 189226] Found no abandoned profile.
2022-04-23 16:53:02,196 [30] [cmk.web.background-job 195547] Found no abandoned profile.
2022-04-23 17:54:01,859 [30] [cmk.web.background-job 202041] Found no abandoned profile.
2022-04-23 18:54:02,184 [30] [cmk.web.background-job 208367] Found no abandoned profile.
2022-04-23 19:55:02,229 [30] [cmk.web.background-job 214799] Found no abandoned profile.
2022-04-23 20:56:02,120 [30] [cmk.web.background-job 221227] Found no abandoned profile.
2022-04-23 21:57:01,792 [30] [cmk.web.background-job 227724] Found no abandoned profile.
2022-04-23 22:57:02,164 [30] [cmk.web.background-job 234044] Found no abandoned profile.
2022-04-23 23:58:02,358 [30] [cmk.web.background-job 240469] Found no abandoned profile.
2022-04-24 00:59:01,440 [30] [cmk.web.background-job 246937] Found no abandoned profile.
2022-04-24 01:59:01,902 [30] [cmk.web.background-job 253261] Found no abandoned profile.
2022-04-24 03:00:02,603 [30] [cmk.web.background-job 259757] Found no abandoned profile.
2022-04-24 04:01:02,157 [30] [cmk.web.background-job 266187] Found no abandoned profile.
2022-04-24 05:02:02,172 [30] [cmk.web.background-job 272614] Found no abandoned profile.
2022-04-24 06:02:02,382 [30] [cmk.web.background-job 278942] Found no abandoned profile.
2022-04-24 07:03:01,483 [30] [cmk.web.background-job 285468] Found no abandoned profile.
2022-04-24 08:03:02,163 [30] [cmk.web.background-job 291858] Found no abandoned profile.
2022-04-24 09:04:02,303 [30] [cmk.web.background-job 298289] Found no abandoned profile.
2022-04-24 10:05:01,907 [30] [cmk.web.background-job 304732] Found no abandoned profile.
2022-04-24 11:05:02,475 [30] [cmk.web.background-job 311057] Found no abandoned profile.
2022-04-24 12:06:02,329 [30] [cmk.web.background-job 317493] Found no abandoned profile.
2022-04-24 13:07:01,360 [30] [cmk.web.background-job 323985] Found no abandoned profile.
2022-04-24 14:07:02,411 [30] [cmk.web.background-job 330312] Found no abandoned profile.
2022-04-24 15:08:01,495 [30] [cmk.web.background-job 336739] Found no abandoned profile.
2022-04-24 16:08:02,280 [30] [cmk.web.background-job 343063] Found no abandoned profile.
2022-04-24 17:09:02,334 [30] [cmk.web.background-job 349598] Found no abandoned profile.
2022-04-24 18:10:02,327 [30] [cmk.web.background-job 356036] Found no abandoned profile.
2022-04-24 19:11:02,428 [30] [cmk.web.background-job 362466] Found no abandoned profile.
2022-04-24 20:12:02,275 [30] [cmk.web.background-job 368903] Found no abandoned profile.
2022-04-24 21:13:01,893 [30] [cmk.web.background-job 375325] Found no abandoned profile.
2022-04-24 22:13:02,112 [30] [cmk.web.background-job 381716] Found no abandoned profile.
2022-04-24 23:14:02,252 [30] [cmk.web.background-job 388148] Found no abandoned profile.
2022-04-25 00:15:01,644 [30] [cmk.web.background-job 394618] Found no abandoned profile.
2022-04-25 01:15:02,235 [30] [cmk.web.background-job 400945] Found no abandoned profile.
2022-04-25 02:16:02,125 [30] [cmk.web.background-job 407378] Found no abandoned profile.
2022-04-25 03:17:01,264 [30] [cmk.web.background-job 413870] Found no abandoned profile.
2022-04-25 04:17:01,516 [30] [cmk.web.background-job 420195] Found no abandoned profile.
2022-04-25 05:17:02,542 [30] [cmk.web.background-job 426526] Found no abandoned profile.
2022-04-25 06:18:01,922 [30] [cmk.web.background-job 432953] Found no abandoned profile.
2022-04-25 07:19:01,830 [30] [cmk.web.background-job 439542] Found no abandoned profile.
2022-04-25 08:19:02,100 [30] [cmk.web.background-job 445866] Found no abandoned profile.
2022-04-25 09:20:02,548 [30] [cmk.web.background-job 452303] Found no abandoned profile.
2022-04-25 10:21:02,123 [30] [cmk.web.background-job 458736] Found no abandoned profile.
2022-04-25 11:21:02,378 [30] [cmk.web.background-job 465060] Found no abandoned profile.
2022-04-25 12:22:01,440 [30] [cmk.web.background-job 471553] Found no abandoned profile.
2022-04-25 13:23:01,453 [30] [cmk.web.background-job 477982] Found no abandoned profile.
2022-04-25 14:23:01,899 [30] [cmk.web.background-job 484303] Found no abandoned profile.
2022-04-25 15:24:01,843 [30] [cmk.web.background-job 490735] Found no abandoned profile.
2022-04-25 16:25:02,534 [30] [cmk.web.background-job 497173] Found no abandoned profile.
2022-04-25 17:26:01,944 [30] [cmk.web.background-job 503665] Found no abandoned profile.
2022-04-25 18:27:02,271 [30] [cmk.web.background-job 510092] Found no abandoned profile.
2022-04-25 19:28:01,425 [30] [cmk.web.background-job 516519] Found no abandoned profile.
2022-04-25 20:28:01,736 [30] [cmk.web.background-job 522845] Found no abandoned profile.
2022-04-25 21:28:02,203 [30] [cmk.web.background-job 529234] Found no abandoned profile.
2022-04-25 22:29:01,968 [30] [cmk.web.background-job 535662] Found no abandoned profile.
2022-04-25 23:29:02,400 [30] [cmk.web.background-job 541988] Found no abandoned profile.
2022-04-26 00:30:02,587 [30] [cmk.web.background-job 548462] Found no abandoned profile.
2022-04-26 01:31:02,066 [30] [cmk.web.background-job 554892] Found no abandoned profile.
2022-04-26 02:31:02,202 [30] [cmk.web.background-job 561286] Found no abandoned profile.
2022-04-26 03:32:02,428 [30] [cmk.web.background-job 567717] Found no abandoned profile.
2022-04-26 04:33:01,663 [30] [cmk.web.background-job 574142] Found no abandoned profile.
2022-04-26 05:34:01,984 [30] [cmk.web.background-job 580569] Found no abandoned profile.
2022-04-26 06:35:02,383 [30] [cmk.web.background-job 587115] Found no abandoned profile.
2022-04-26 07:35:02,623 [30] [cmk.web.background-job 593504] Found no abandoned profile.
2022-04-26 08:36:01,952 [30] [cmk.web.background-job 599864] Found no abandoned profile.
2022-04-26 09:36:02,220 [30] [cmk.web.background-job 606257] Found no abandoned profile.
2022-04-26 10:37:01,563 [30] [cmk.web.background-job 612682] Found no abandoned profile.
2022-04-26 11:37:02,364 [30] [cmk.web.background-job 619010] Found no abandoned profile.
2022-04-26 12:38:01,612 [30] [cmk.web.background-job 625445] Found no abandoned profile.
2022-04-26 13:38:02,165 [30] [cmk.web.background-job 631767] Found no abandoned profile.
2022-04-26 14:39:02,285 [30] [cmk.web.background-job 638302] Found no abandoned profile.
2022-04-26 15:39:02,613 [30] [cmk.web.background-job 644629] Found no abandoned profile.
2022-04-26 16:40:01,687 [30] [cmk.web.background-job 651059] Found no abandoned profile.
2022-04-26 17:40:01,884 [30] [cmk.web.background-job 657384] Found no abandoned profile.
2022-04-26 18:40:02,570 [30] [cmk.web.background-job 663773] Found no abandoned profile.
2022-04-26 19:41:02,071 [30] [cmk.web.background-job 670202] Found no abandoned profile.
2022-04-26 20:42:02,323 [30] [cmk.web.background-job 676635] Found no abandoned profile.
2022-04-26 21:43:01,326 [30] [cmk.web.background-job 683062] Found no abandoned profile.
2022-04-26 22:43:01,495 [30] [cmk.web.background-job 689387] Found no abandoned profile.
2022-04-26 23:43:02,026 [30] [cmk.web.background-job 695782] Found no abandoned profile.
2022-04-27 00:44:02,317 [30] [cmk.web.background-job 702244] Found no abandoned profile.
2022-04-27 01:45:01,704 [30] [cmk.web.background-job 708685] Found no abandoned profile.
2022-04-27 02:46:02,264 [30] [cmk.web.background-job 715117] Found no abandoned profile.
2022-04-27 03:47:02,102 [30] [cmk.web.background-job 721543] Found no abandoned profile.
2022-04-27 04:48:01,843 [30] [cmk.web.background-job 728034] Found no abandoned profile.
2022-04-27 05:48:02,420 [30] [cmk.web.background-job 734362] Found no abandoned profile.
2022-04-27 06:49:02,320 [30] [cmk.web.background-job 740895] Found no abandoned profile.
2022-04-27 07:50:02,604 [30] [cmk.web.background-job 747331] Found no abandoned profile.
2022-04-27 08:51:01,643 [30] [cmk.web.background-job 753762] Found no abandoned profile.
2022-04-27 09:51:02,155 [30] [cmk.web.background-job 760153] Found no abandoned profile.
2022-04-27 10:52:01,766 [30] [cmk.web.background-job 766579] Found no abandoned profile.
2022-04-27 11:53:01,671 [30] [cmk.web.background-job 773009] Found no abandoned profile.
2022-04-27 12:53:01,766 [30] [cmk.web.background-job 779326] Found no abandoned profile.
2022-04-27 13:53:02,380 [30] [cmk.web.background-job 785655] Found no abandoned profile.
2022-04-27 14:54:01,857 [30] [cmk.web.background-job 792145] Found no abandoned profile.
2022-04-27 15:54:02,361 [30] [cmk.web.background-job 798470] Found no abandoned profile.
2022-04-27 16:55:01,826 [30] [cmk.web.background-job 804909] Found no abandoned profile.
2022-04-27 17:55:02,360 [30] [cmk.web.background-job 811227] Found no abandoned profile.
2022-04-27 18:56:01,804 [30] [cmk.web.background-job 817716] Found no abandoned profile.
2022-04-27 19:56:02,173 [30] [cmk.web.background-job 824046] Found no abandoned profile.
2022-04-27 20:57:02,338 [30] [cmk.web.background-job 830472] Found no abandoned profile.
2022-04-27 21:58:01,442 [30] [cmk.web.background-job 836903] Found no abandoned profile.
2022-04-27 22:58:01,734 [30] [cmk.web.background-job 843235] Found no abandoned profile.
2022-04-27 23:59:01,568 [30] [cmk.web.background-job 849727] Found no abandoned profile.
2022-04-28 00:59:01,869 [30] [cmk.web.background-job 856086] Found no abandoned profile.
2022-04-28 01:59:02,047 [30] [cmk.web.background-job 862409] Found no abandoned profile.
2022-04-28 03:00:02,417 [30] [cmk.web.background-job 868844] Found no abandoned profile.
2022-04-28 04:01:01,933 [30] [cmk.web.background-job 875276] Found no abandoned profile.
2022-04-28 05:01:02,214 [30] [cmk.web.background-job 881657] Found no abandoned profile.
2022-04-28 06:02:01,693 [30] [cmk.web.background-job 888084] Found no abandoned profile.
2022-04-28 07:02:01,954 [30] [cmk.web.background-job 894527] Found no abandoned profile.
2022-04-28 08:03:01,742 [30] [cmk.web.background-job 900946] Found no abandoned profile.
2022-04-28 09:03:01,988 [30] [cmk.web.background-job 907270] Found no abandoned profile.
2022-04-28 10:04:02,079 [30] [cmk.web.background-job 913762] Found no abandoned profile.
2022-04-28 11:05:02,685 [30] [cmk.web.background-job 920206] Found no abandoned profile.
2022-04-28 12:06:02,122 [30] [cmk.web.background-job 926639] Found no abandoned profile.
2022-04-28 13:07:02,098 [30] [cmk.web.background-job 933072] Found no abandoned profile.
2022-04-28 14:08:02,377 [30] [cmk.web.background-job 939498] Found no abandoned profile.
2022-04-28 15:09:02,583 [30] [cmk.web.background-job 945968] Found no abandoned profile.
2022-04-28 16:10:02,460 [30] [cmk.web.background-job 952410] Found no abandoned profile.
2022-04-28 17:11:02,325 [30] [cmk.web.background-job 958901] Found no abandoned profile.
2022-04-28 18:12:02,154 [30] [cmk.web.background-job 965331] Found no abandoned profile.
2022-04-28 19:13:01,560 [30] [cmk.web.background-job 971755] Found no abandoned profile.
2022-04-28 20:13:01,831 [30] [cmk.web.background-job 978079] Found no abandoned profile.
2022-04-28 21:14:01,669 [30] [cmk.web.background-job 984576] Found no abandoned profile.
2022-04-28 22:15:01,696 [30] [cmk.web.background-job 991008] Found no abandoned profile.
2022-04-28 23:15:02,683 [30] [cmk.web.background-job 997336] Found no abandoned profile.
2022-04-29 00:16:01,412 [30] [cmk.web.background-job 1003801] Found no abandoned profile.
2022-04-29 01:16:02,171 [30] [cmk.web.background-job 1010126] Found no abandoned profile.
2022-04-29 02:17:02,367 [30] [cmk.web.background-job 1016626] Found no abandoned profile.
2022-04-29 03:18:01,689 [30] [cmk.web.background-job 1023046] Found no abandoned profile.
2022-04-29 04:18:02,409 [30] [cmk.web.background-job 1029366] Found no abandoned profile.
2022-04-29 05:19:01,471 [30] [cmk.web.background-job 1035797] Found no abandoned profile.
2022-04-29 06:20:01,744 [30] [cmk.web.background-job 1042232] Found no abandoned profile.
2022-04-29 07:20:02,040 [30] [cmk.web.background-job 1048739] Found no abandoned profile.
2022-04-29 08:21:01,259 [30] [cmk.web.background-job 1055169] Found no abandoned profile.
2022-04-29 09:22:01,647 [30] [cmk.web.background-job 1061596] Found no abandoned profile.
2022-04-29 10:23:01,789 [30] [cmk.web.background-job 1068028] Found no abandoned profile.
2022-04-29 11:23:02,082 [30] [cmk.web.background-job 1074415] Found no abandoned profile.
2022-04-29 12:24:02,398 [30] [cmk.web.background-job 1080844] Found no abandoned profile.
2022-04-29 13:25:01,584 [30] [cmk.web.background-job 1087279] Found no abandoned profile.
2022-04-29 14:25:02,396 [30] [cmk.web.background-job 1093604] Found no abandoned profile.
2022-04-29 15:26:02,147 [30] [cmk.web.background-job 1100032] Found no abandoned profile.
2022-04-29 16:27:01,357 [30] [cmk.web.background-job 1106453] Found no abandoned profile.
2022-04-29 17:27:01,497 [30] [cmk.web.background-job 1112838] Found no abandoned profile.
2022-04-29 18:27:01,910 [30] [cmk.web.background-job 1119168] Found no abandoned profile.
2022-04-29 19:27:02,323 [30] [cmk.web.background-job 1125488] Found no abandoned profile.
2022-04-29 20:28:01,448 [30] [cmk.web.background-job 1131919] Found no abandoned profile.
2022-04-29 21:29:01,456 [30] [cmk.web.background-job 1138344] Found no abandoned profile.
2022-04-29 22:29:01,806 [30] [cmk.web.background-job 1144733] Found no abandoned profile.
2022-04-29 23:30:02,232 [30] [cmk.web.background-job 1151172] Found no abandoned profile.
2022-04-30 00:31:01,651 [30] [cmk.web.background-job 1157628] Found no abandoned profile.
2022-04-30 01:31:02,068 [30] [cmk.web.background-job 1163956] Found no abandoned profile.
2022-04-30 02:31:02,262 [30] [cmk.web.background-job 1170284] Found no abandoned profile.
2022-04-30 03:32:02,016 [30] [cmk.web.background-job 1176776] Found no abandoned profile.
2022-04-30 04:33:02,024 [30] [cmk.web.background-job 1183203] Found no abandoned profile.
2022-04-30 05:34:02,401 [30] [cmk.web.background-job 1189631] Found no abandoned profile.
2022-04-30 06:35:02,092 [30] [cmk.web.background-job 1196071] Found no abandoned profile.
2022-04-30 07:35:02,456 [30] [cmk.web.background-job 1202500] Found no abandoned profile.
2022-04-30 08:36:01,295 [30] [cmk.web.background-job 1208997] Found no abandoned profile.
2022-04-30 09:36:01,468 [30] [cmk.web.background-job 1215325] Found no abandoned profile.
2022-04-30 10:36:02,205 [30] [cmk.web.background-job 1221645] Found no abandoned profile.
2022-04-30 11:36:02,423 [30] [cmk.web.background-job 1227968] Found no abandoned profile.
2022-04-30 12:37:01,923 [30] [cmk.web.background-job 1234408] Found no abandoned profile.
2022-04-30 13:37:02,316 [30] [cmk.web.background-job 1240791] Found no abandoned profile.
2022-04-30 14:38:02,040 [30] [cmk.web.background-job 1247215] Found no abandoned profile.
2022-04-30 15:39:02,085 [30] [cmk.web.background-job 1253687] Found no abandoned profile.
2022-04-30 16:40:01,656 [30] [cmk.web.background-job 1260122] Found no abandoned profile.
2022-04-30 17:40:02,160 [30] [cmk.web.background-job 1266452] Found no abandoned profile.
2022-04-30 18:41:01,563 [30] [cmk.web.background-job 1272880] Found no abandoned profile.
2022-04-30 19:41:02,417 [30] [cmk.web.background-job 1279270] Found no abandoned profile.
2022-04-30 20:42:01,245 [30] [cmk.web.background-job 1285704] Found no abandoned profile.
2022-04-30 21:42:01,514 [30] [cmk.web.background-job 1292025] Found no abandoned profile.
2022-04-30 22:42:01,781 [30] [cmk.web.background-job 1298350] Found no abandoned profile.
2022-04-30 23:42:02,229 [30] [cmk.web.background-job 1304679] Found no abandoned profile.
2022-05-01 00:43:02,469 [30] [cmk.web.background-job 1311155] Found no abandoned profile.
2022-05-01 01:44:01,854 [30] [cmk.web.background-job 1317645] Found no abandoned profile.
2022-05-01 02:45:01,803 [30] [cmk.web.background-job 1324081] Found no abandoned profile.
2022-05-01 03:46:02,193 [30] [cmk.web.background-job 1330511] Found no abandoned profile.
2022-05-01 04:47:01,998 [30] [cmk.web.background-job 1336939] Found no abandoned profile.
2022-05-01 05:48:01,829 [30] [cmk.web.background-job 1343367] Found no abandoned profile.
2022-05-01 06:49:01,615 [30] [cmk.web.background-job 1349987] Found no abandoned profile.
2022-05-01 07:50:01,936 [30] [cmk.web.background-job 1356416] Found no abandoned profile.
2022-05-01 08:50:02,324 [30] [cmk.web.background-job 1362742] Found no abandoned profile.
2022-05-01 09:51:01,992 [30] [cmk.web.background-job 1369174] Found no abandoned profile.
2022-05-01 10:52:02,333 [30] [cmk.web.background-job 1375596] Found no abandoned profile.
2022-05-01 11:53:01,872 [30] [cmk.web.background-job 1382093] Found no abandoned profile.
2022-05-01 12:54:02,234 [30] [cmk.web.background-job 1388516] Found no abandoned profile.
2022-05-01 13:55:01,994 [30] [cmk.web.background-job 1394951] Found no abandoned profile.
2022-05-01 14:55:02,612 [30] [cmk.web.background-job 1401279] Found no abandoned profile.
2022-05-01 15:56:01,295 [30] [cmk.web.background-job 1407707] Found no abandoned profile.
2022-05-01 16:56:01,657 [30] [cmk.web.background-job 1414093] Found no abandoned profile.
2022-05-01 17:56:02,314 [30] [cmk.web.background-job 1420422] Found no abandoned profile.
2022-05-01 18:57:01,271 [30] [cmk.web.background-job 1426839] Found no abandoned profile.
2022-05-01 19:57:02,221 [30] [cmk.web.background-job 1433165] Found no abandoned profile.
2022-05-01 20:58:02,102 [30] [cmk.web.background-job 1439661] Found no abandoned profile.
2022-05-01 21:59:01,940 [30] [cmk.web.background-job 1446090] Found no abandoned profile.
2022-05-01 23:00:02,452 [30] [cmk.web.background-job 1452529] Found no abandoned profile.
2022-05-02 00:01:01,739 [30] [cmk.web.background-job 1458967] Found no abandoned profile.
2022-05-02 01:01:02,082 [30] [cmk.web.background-job 1465320] Found no abandoned profile.
2022-05-02 02:01:02,438 [30] [cmk.web.background-job 1471646] Found no abandoned profile.
2022-05-02 03:02:01,867 [30] [cmk.web.background-job 1478136] Found no abandoned profile.
2022-05-02 04:02:02,405 [30] [cmk.web.background-job 1484466] Found no abandoned profile.
2022-05-02 05:03:01,518 [30] [cmk.web.background-job 1490882] Found no abandoned profile.
2022-05-02 06:03:02,242 [30] [cmk.web.background-job 1497206] Found no abandoned profile.
2022-05-02 07:04:01,893 [30] [cmk.web.background-job 1503750] Found no abandoned profile.
2022-05-02 08:04:02,079 [30] [cmk.web.background-job 1510142] Found no abandoned profile.
2022-05-02 09:05:02,923 [30] [cmk.web.background-job 1516592] Found no abandoned profile.
2022-05-02 10:06:01,768 [30] [cmk.web.background-job 1523018] Found no abandoned profile.
2022-05-02 11:07:02,054 [30] [cmk.web.background-job 1529446] Found no abandoned profile.
2022-05-02 12:07:02,362 [30] [cmk.web.background-job 1535777] Found no abandoned profile.
2022-05-02 13:08:01,990 [30] [cmk.web.background-job 1542200] Found no abandoned profile.
2022-05-02 14:09:01,531 [30] [cmk.web.background-job 1548733] Found no abandoned profile.
2022-05-02 15:09:01,879 [30] [cmk.web.background-job 1555045] Found no abandoned profile.
2022-05-02 16:09:02,575 [30] [cmk.web.background-job 1561374] Found no abandoned profile.
2022-05-02 17:10:01,677 [30] [cmk.web.background-job 1567812] Found no abandoned profile.
2022-05-02 18:11:01,968 [30] [cmk.web.background-job 1574236] Found no abandoned profile.
2022-05-02 19:12:01,711 [30] [cmk.web.background-job 1580726] Found no abandoned profile.
2022-05-02 20:13:01,518 [30] [cmk.web.background-job 1587155] Found no abandoned profile.
2022-05-02 21:13:01,745 [30] [cmk.web.background-job 1593479] Found no abandoned profile.
2022-05-02 22:13:02,250 [30] [cmk.web.background-job 1599808] Found no abandoned profile.
2022-05-02 23:14:01,610 [30] [cmk.web.background-job 1606232] Found no abandoned profile.
2022-05-03 00:15:01,864 [30] [cmk.web.background-job 1612777] Found no abandoned profile.
2022-05-03 01:16:02,392 [30] [cmk.web.background-job 1619203] Found no abandoned profile.
2022-05-03 02:17:01,418 [30] [cmk.web.background-job 1625630] Found no abandoned profile.
2022-05-03 03:17:02,232 [30] [cmk.web.background-job 1631958] Found no abandoned profile.
2022-05-03 04:18:01,619 [30] [cmk.web.background-job 1638386] Found no abandoned profile.
2022-05-03 05:18:01,745 [30] [cmk.web.background-job 1644777] Found no abandoned profile.
2022-05-03 06:18:02,121 [30] [cmk.web.background-job 1651095] Found no abandoned profile.
2022-05-03 07:19:02,191 [30] [cmk.web.background-job 1657638] Found no abandoned profile.
2022-05-03 08:20:01,564 [30] [cmk.web.background-job 1664077] Found no abandoned profile.
2022-05-03 09:21:02,405 [30] [cmk.web.background-job 1670502] Found no abandoned profile.
2022-05-03 10:22:02,015 [30] [cmk.web.background-job 1676998] Found no abandoned profile.
2022-05-03 11:23:02,285 [30] [cmk.web.background-job 1683424] Found no abandoned profile.
2022-05-03 12:24:02,074 [30] [cmk.web.background-job 1689843] Found no abandoned profile.
2022-05-03 13:25:02,468 [30] [cmk.web.background-job 1696286] Found no abandoned profile.
2022-05-03 14:26:01,349 [30] [cmk.web.background-job 1702712] Found no abandoned profile.
2022-05-03 15:26:02,131 [30] [cmk.web.background-job 1709045] Found no abandoned profile.
2022-05-03 16:27:01,349 [30] [cmk.web.background-job 1715525] Found no abandoned profile.
2022-05-03 17:27:02,327 [30] [cmk.web.background-job 1721853] Found no abandoned profile.
2022-05-03 18:28:01,685 [30] [cmk.web.background-job 1728280] Found no abandoned profile.
2022-05-03 19:29:01,945 [30] [cmk.web.background-job 1734709] Found no abandoned profile.
2022-05-03 20:30:02,104 [30] [cmk.web.background-job 1741149] Found no abandoned profile.
2022-05-03 21:31:02,325 [30] [cmk.web.background-job 1747574] Found no abandoned profile.
2022-05-03 22:32:02,020 [30] [cmk.web.background-job 1754067] Found no abandoned profile.
2022-05-03 23:32:02,169 [30] [cmk.web.background-job 1760389] Found no abandoned profile.
2022-05-04 00:33:01,628 [30] [cmk.web.background-job 1766853] Found no abandoned profile.
2022-05-04 01:33:01,915 [30] [cmk.web.background-job 1773176] Found no abandoned profile.
2022-05-04 02:34:01,907 [30] [cmk.web.background-job 1779600] Found no abandoned profile.
2022-05-04 03:35:02,159 [30] [cmk.web.background-job 1786101] Found no abandoned profile.
2022-05-04 04:36:01,510 [30] [cmk.web.background-job 1792533] Found no abandoned profile.
2022-05-04 05:36:01,786 [30] [cmk.web.background-job 1798855] Found no abandoned profile.
2022-05-04 06:36:02,012 [30] [cmk.web.background-job 1805186] Found no abandoned profile.
2022-05-04 07:37:02,221 [30] [cmk.web.background-job 1811714] Found no abandoned profile.
2022-05-04 08:38:02,621 [30] [cmk.web.background-job 1818145] Found no abandoned profile.
2022-05-04 09:39:02,792 [30] [cmk.web.background-job 1824680] Found no abandoned profile.
2022-05-04 10:40:02,624 [30] [cmk.web.background-job 1831106] Found no abandoned profile.
2022-05-04 11:41:02,028 [30] [cmk.web.background-job 1837546] Found no abandoned profile.
2022-05-04 12:41:02,400 [30] [cmk.web.background-job 1843869] Found no abandoned profile.
2022-05-04 13:42:01,921 [30] [cmk.web.background-job 1850309] Found no abandoned profile.
2022-05-04 14:43:01,820 [30] [cmk.web.background-job 1856742] Found no abandoned profile.
2022-05-04 15:44:01,968 [30] [cmk.web.background-job 1863170] Found no abandoned profile.
2022-05-04 16:45:02,577 [30] [cmk.web.background-job 1869608] Found no abandoned profile.
2022-05-04 17:46:02,044 [30] [cmk.web.background-job 1876027] Found no abandoned profile.
2022-05-04 18:47:01,839 [30] [cmk.web.background-job 1882458] Found no abandoned profile.
2022-05-04 19:47:02,281 [30] [cmk.web.background-job 1888781] Found no abandoned profile.
2022-05-04 20:48:01,594 [30] [cmk.web.background-job 1895277] Found no abandoned profile.
2022-05-04 21:48:01,746 [30] [cmk.web.background-job 1901606] Found no abandoned profile.
2022-05-04 22:49:01,680 [30] [cmk.web.background-job 1908034] Found no abandoned profile.
2022-05-04 23:50:02,188 [30] [cmk.web.background-job 1914469] Found no abandoned profile.
2022-05-05 00:51:02,275 [30] [cmk.web.background-job 1920941] Found no abandoned profile.
2022-05-05 01:52:01,697 [30] [cmk.web.background-job 1927364] Found no abandoned profile.
2022-05-05 02:52:02,355 [30] [cmk.web.background-job 1933688] Found no abandoned profile.
2022-05-05 03:53:01,480 [30] [cmk.web.background-job 1940117] Found no abandoned profile.
2022-05-05 04:54:01,641 [30] [cmk.web.background-job 1946609] Found no abandoned profile.
2022-05-05 05:54:01,736 [30] [cmk.web.background-job 1952941] Found no abandoned profile.
2022-05-05 06:55:02,224 [30] [cmk.web.background-job 1959490] Found no abandoned profile.
2022-05-05 07:55:02,482 [30] [cmk.web.background-job 1965817] Found no abandoned profile.
2022-05-05 08:56:01,471 [30] [cmk.web.background-job 1972243] Found no abandoned profile.
2022-05-05 09:56:02,263 [30] [cmk.web.background-job 1978574] Found no abandoned profile.
2022-05-05 10:56:02,411 [30] [cmk.web.background-job 1984960] Found no abandoned profile.
2022-05-05 11:57:01,476 [30] [cmk.web.background-job 1991391] Found no abandoned profile.
2022-05-05 12:57:02,147 [30] [cmk.web.background-job 1997716] Found no abandoned profile.
2022-05-05 13:58:01,669 [30] [cmk.web.background-job 2004145] Found no abandoned profile.
2022-05-05 14:58:01,980 [30] [cmk.web.background-job 2010474] Found no abandoned profile.
2022-05-05 15:59:02,427 [30] [cmk.web.background-job 2016899] Found no abandoned profile.
2022-05-05 17:00:02,229 [30] [cmk.web.background-job 2023336] Found no abandoned profile.
2022-05-05 18:01:01,741 [30] [cmk.web.background-job 2029767] Found no abandoned profile.
2022-05-05 19:02:01,716 [30] [cmk.web.background-job 2036197] Found no abandoned profile.
2022-05-05 20:02:01,967 [30] [cmk.web.background-job 2042524] Found no abandoned profile.
2022-05-05 21:03:01,799 [30] [cmk.web.background-job 2048952] Found no abandoned profile.
2022-05-05 22:04:02,245 [30] [cmk.web.background-job 2055381] Found no abandoned profile.
2022-05-05 23:05:02,756 [30] [cmk.web.background-job 2061832] Found no abandoned profile.
2022-05-06 00:06:02,066 [30] [cmk.web.background-job 2068283] Found no abandoned profile.
2022-05-06 01:06:02,283 [30] [cmk.web.background-job 2074627] Found no abandoned profile.
2022-05-06 02:07:01,822 [30] [cmk.web.background-job 2081059] Found no abandoned profile.
2022-05-06 03:08:01,778 [30] [cmk.web.background-job 2087494] Found no abandoned profile.
2022-05-06 04:09:02,249 [30] [cmk.web.background-job 2093956] Found no abandoned profile.
2022-05-06 05:10:02,022 [30] [cmk.web.background-job 2100388] Found no abandoned profile.
2022-05-06 06:11:01,897 [30] [cmk.web.background-job 2106822] Found no abandoned profile.
2022-05-06 07:11:02,140 [30] [cmk.web.background-job 2113264] Found no abandoned profile.
2022-05-06 08:12:01,505 [30] [cmk.web.background-job 2119692] Found no abandoned profile.
2022-05-06 09:12:01,884 [30] [cmk.web.background-job 2126021] Found no abandoned profile.
2022-05-06 10:13:01,745 [30] [cmk.web.background-job 2132453] Found no abandoned profile.
2022-05-06 11:14:02,085 [30] [cmk.web.background-job 2138829] Found no abandoned profile.
2022-05-06 12:15:02,120 [30] [cmk.web.background-job 2145290] Found no abandoned profile.
2022-05-06 13:16:01,769 [30] [cmk.web.background-job 2151672] Found no abandoned profile.
2022-05-06 14:17:02,139 [30] [cmk.web.background-job 2158148] Found no abandoned profile.
2022-05-06 15:18:01,982 [30] [cmk.web.background-job 2164584] Found no abandoned profile.
2022-05-06 16:18:02,371 [30] [cmk.web.background-job 2171011] Found no abandoned profile.
2022-05-06 17:19:01,492 [30] [cmk.web.background-job 2177481] Found no abandoned profile.
2022-05-06 18:19:02,177 [30] [cmk.web.background-job 2183898] Found no abandoned profile.
2022-05-06 19:20:02,708 [30] [cmk.web.background-job 2190361] Found no abandoned profile.
2022-05-06 20:21:01,516 [30] [cmk.web.background-job 2196821] Found no abandoned profile.
2022-05-06 21:21:02,280 [30] [cmk.web.background-job 2203253] Found no abandoned profile.
2022-05-06 22:22:01,848 [30] [cmk.web.background-job 2209692] Found no abandoned profile.
2022-05-06 23:22:02,001 [30] [cmk.web.background-job 2216112] Found no abandoned profile.
2022-05-07 00:23:02,198 [30] [cmk.web.background-job 2222614] Found no abandoned profile.
2022-05-07 01:24:02,290 [30] [cmk.web.background-job 2229138] Found no abandoned profile.
2022-05-07 02:25:02,383 [30] [cmk.web.background-job 2235615] Found no abandoned profile.
2022-05-07 03:26:02,224 [30] [cmk.web.background-job 2242135] Found no abandoned profile.
2022-05-07 04:27:02,412 [30] [cmk.web.background-job 2248596] Found no abandoned profile.
2022-05-07 05:28:02,364 [30] [cmk.web.background-job 2255126] Found no abandoned profile.
2022-05-07 06:29:01,440 [30] [cmk.web.background-job 2261591] Found no abandoned profile.
2022-05-07 07:29:01,809 [30] [cmk.web.background-job 2268113] Found no abandoned profile.
2022-05-07 08:30:02,424 [30] [cmk.web.background-job 2274589] Found no abandoned profile.
2022-05-07 09:31:01,759 [30] [cmk.web.background-job 2281065] Found no abandoned profile.
2022-05-07 10:32:01,943 [30] [cmk.web.background-job 2287436] Found no abandoned profile.
2022-05-07 11:33:01,872 [30] [cmk.web.background-job 2293864] Found no abandoned profile.
2022-05-07 12:34:01,562 [30] [cmk.web.background-job 2300235] Found no abandoned profile.
2022-05-07 13:34:02,076 [30] [cmk.web.background-job 2306563] Found no abandoned profile.
2022-05-07 14:35:02,708 [30] [cmk.web.background-job 2312933] Found no abandoned profile.
2022-05-07 15:36:02,453 [30] [cmk.web.background-job 2319372] Found no abandoned profile.
2022-05-07 16:37:01,418 [30] [cmk.web.background-job 2325732] Found no abandoned profile.
2022-05-07 17:37:01,820 [30] [cmk.web.background-job 2332053] Found no abandoned profile.
2022-05-07 18:38:02,268 [30] [cmk.web.background-job 2338481] Found no abandoned profile.
2022-05-07 19:39:02,247 [30] [cmk.web.background-job 2344882] Found no abandoned profile.
2022-05-07 20:40:01,757 [30] [cmk.web.background-job 2351330] Found no abandoned profile.
2022-05-07 21:40:02,178 [30] [cmk.web.background-job 2357596] Found no abandoned profile.
2022-05-07 22:41:01,498 [30] [cmk.web.background-job 2364029] Found no abandoned profile.
2022-05-07 23:42:01,936 [30] [cmk.web.background-job 2370394] Found no abandoned profile.
2022-05-08 00:42:02,402 [30] [cmk.web.background-job 2376766] Found no abandoned profile.
2022-05-08 01:43:02,086 [30] [cmk.web.background-job 2383121] Found no abandoned profile.
2022-05-08 02:44:01,934 [30] [cmk.web.background-job 2389555] Found no abandoned profile.
2022-05-08 03:44:02,217 [30] [cmk.web.background-job 2395880] Found no abandoned profile.
2022-05-08 04:45:01,624 [30] [cmk.web.background-job 2402253] Found no abandoned profile.
2022-05-08 05:46:02,360 [30] [cmk.web.background-job 2408686] Found no abandoned profile.
2022-05-08 06:47:01,510 [30] [cmk.web.background-job 2415172] Found no abandoned profile.
2022-05-08 07:47:01,864 [30] [cmk.web.background-job 2421502] Found no abandoned profile.
2022-05-08 08:47:02,360 [30] [cmk.web.background-job 2427768] Found no abandoned profile.
2022-05-08 09:48:01,850 [30] [cmk.web.background-job 2434204] Found no abandoned profile.
2022-05-08 10:49:01,597 [30] [cmk.web.background-job 2440627] Found no abandoned profile.
2022-05-08 11:49:01,935 [30] [cmk.web.background-job 2446895] Found no abandoned profile.
2022-05-08 12:49:02,165 [30] [cmk.web.background-job 2453221] Found no abandoned profile.
2022-05-08 13:50:02,368 [30] [cmk.web.background-job 2459600] Found no abandoned profile.
2022-05-08 14:51:02,228 [30] [cmk.web.background-job 2466038] Found no abandoned profile.
2022-05-08 15:52:02,380 [30] [cmk.web.background-job 2472404] Found no abandoned profile.
2022-05-08 16:53:01,743 [30] [cmk.web.background-job 2478838] Found no abandoned profile.
2022-05-08 17:54:01,981 [30] [cmk.web.background-job 2485208] Found no abandoned profile.
2022-05-08 18:55:02,336 [30] [cmk.web.background-job 2491649] Found no abandoned profile.
2022-05-08 19:56:01,554 [30] [cmk.web.background-job 2498009] Found no abandoned profile.
2022-05-08 20:56:02,124 [30] [cmk.web.background-job 2504335] Found no abandoned profile.
2022-05-08 21:57:01,588 [30] [cmk.web.background-job 2510759] Found no abandoned profile.
2022-05-08 22:57:01,830 [30] [cmk.web.background-job 2517028] Found no abandoned profile.
2022-05-08 23:58:02,086 [30] [cmk.web.background-job 2523455] Found no abandoned profile.
2022-05-09 00:59:01,379 [30] [cmk.web.background-job 2529862] Found no abandoned profile.
2022-05-09 01:59:02,243 [30] [cmk.web.background-job 2536188] Found no abandoned profile.
2022-05-09 03:00:02,611 [30] [cmk.web.background-job 2542560] Found no abandoned profile.
2022-05-09 04:01:01,598 [30] [cmk.web.background-job 2548992] Found no abandoned profile.
2022-05-09 05:01:01,771 [30] [cmk.web.background-job 2555260] Found no abandoned profile.
2022-05-09 06:01:02,233 [30] [cmk.web.background-job 2561590] Found no abandoned profile.
2022-05-09 07:02:01,504 [30] [cmk.web.background-job 2568071] Found no abandoned profile.
2022-05-09 08:03:01,888 [30] [cmk.web.background-job 2574504] Found no abandoned profile.
2022-05-09 09:04:02,134 [30] [cmk.web.background-job 2580868] Found no abandoned profile.
2022-05-09 10:05:02,961 [30] [cmk.web.background-job 2587321] Found no abandoned profile.
2022-05-09 11:06:02,367 [30] [cmk.web.background-job 2593692] Found no abandoned profile.
2022-05-09 12:07:01,487 [30] [cmk.web.background-job 2600124] Found no abandoned profile.
2022-05-09 13:07:02,556 [30] [cmk.web.background-job 2606459] Found no abandoned profile.
2022-05-09 14:08:02,148 [30] [cmk.web.background-job 2612827] Found no abandoned profile.
2022-05-09 15:09:02,307 [30] [cmk.web.background-job 2619295] Found no abandoned profile.
2022-05-09 16:10:01,854 [30] [cmk.web.background-job 2625672] Found no abandoned profile.
2022-05-09 17:10:02,145 [30] [cmk.web.background-job 2631996] Found no abandoned profile.
2022-05-09 18:11:01,675 [30] [cmk.web.background-job 2638363] Found no abandoned profile.
2022-05-09 19:11:02,048 [30] [cmk.web.background-job 2644692] Found no abandoned profile.
2022-05-09 20:12:02,372 [30] [cmk.web.background-job 2651058] Found no abandoned profile.
2022-05-09 21:13:02,372 [30] [cmk.web.background-job 2657492] Found no abandoned profile.
2022-05-09 22:14:02,444 [30] [cmk.web.background-job 2663926] Found no abandoned profile.
2022-05-09 23:15:02,092 [30] [cmk.web.background-job 2670310] Found no abandoned profile.
2022-05-10 00:16:01,834 [30] [cmk.web.background-job 2676779] Found no abandoned profile.
2022-05-10 01:16:02,359 [30] [cmk.web.background-job 2683047] Found no abandoned profile.
2022-05-10 02:17:01,455 [30] [cmk.web.background-job 2689483] Found no abandoned profile.
2022-05-10 03:18:01,886 [30] [cmk.web.background-job 2695857] Found no abandoned profile.
2022-05-10 04:19:01,746 [30] [cmk.web.background-job 2702283] Found no abandoned profile.
2022-05-10 05:20:02,105 [30] [cmk.web.background-job 2708664] Found no abandoned profile.
2022-05-10 06:20:02,676 [30] [cmk.web.background-job 2714993] Found no abandoned profile.
2022-05-10 07:21:02,034 [30] [cmk.web.background-job 2721479] Found no abandoned profile.
2022-05-10 08:21:02,263 [30] [cmk.web.background-job 2727795] Found no abandoned profile.
2022-05-10 09:22:02,340 [30] [cmk.web.background-job 2734165] Found no abandoned profile.
2022-05-10 10:23:01,873 [30] [cmk.web.background-job 2740597] Found no abandoned profile.
2022-05-10 11:23:02,453 [30] [cmk.web.background-job 2746925] Found no abandoned profile.
2022-05-10 12:24:01,570 [30] [cmk.web.background-job 2753293] Found no abandoned profile.
2022-05-10 13:24:02,418 [30] [cmk.web.background-job 2759617] Found no abandoned profile.
2022-05-10 14:25:02,507 [30] [cmk.web.background-job 2766002] Found no abandoned profile.
2022-05-10 15:26:02,269 [30] [cmk.web.background-job 2772435] Found no abandoned profile.
2022-05-10 16:27:02,390 [30] [cmk.web.background-job 2778807] Found no abandoned profile.
2022-05-10 17:28:02,423 [30] [cmk.web.background-job 2785232] Found no abandoned profile.
2022-05-10 18:29:01,585 [30] [cmk.web.background-job 2791608] Found no abandoned profile.
2022-05-10 19:29:02,217 [30] [cmk.web.background-job 2797930] Found no abandoned profile.
2022-05-10 20:30:02,944 [30] [cmk.web.background-job 2804307] Found no abandoned profile.
2022-05-10 21:31:02,256 [30] [cmk.web.background-job 2810728] Found no abandoned profile.
2022-05-10 22:32:01,644 [30] [cmk.web.background-job 2817161] Found no abandoned profile.
2022-05-10 23:32:02,248 [30] [cmk.web.background-job 2823432] Found no abandoned profile.
2022-05-11 00:33:01,943 [30] [cmk.web.background-job 2829901] Found no abandoned profile.
2022-05-11 01:34:02,040 [30] [cmk.web.background-job 2836270] Found no abandoned profile.
2022-05-11 02:35:02,301 [30] [cmk.web.background-job 2842707] Found no abandoned profile.
2022-05-11 03:36:01,864 [30] [cmk.web.background-job 2849140] Found no abandoned profile.
2022-05-11 04:37:01,891 [30] [cmk.web.background-job 2855506] Found no abandoned profile.
2022-05-11 05:37:02,109 [30] [cmk.web.background-job 2861836] Found no abandoned profile.
2022-05-11 06:38:02,037 [30] [cmk.web.background-job 2868210] Found no abandoned profile.
2022-05-11 07:39:01,570 [30] [cmk.web.background-job 2874780] Found no abandoned profile.
2022-05-11 08:39:02,526 [30] [cmk.web.background-job 2881053] Found no abandoned profile.
2022-05-11 09:40:02,323 [30] [cmk.web.background-job 2887494] Found no abandoned profile.
2022-05-11 10:41:02,417 [30] [cmk.web.background-job 2893857] Found no abandoned profile.
2022-05-11 11:42:01,889 [30] [cmk.web.background-job 2900291] Found no abandoned profile.
2022-05-11 12:42:02,308 [30] [cmk.web.background-job 2906619] Found no abandoned profile.
2022-05-11 13:43:01,989 [30] [cmk.web.background-job 2912985] Found no abandoned profile.
2022-05-11 14:44:01,791 [30] [cmk.web.background-job 2919411] Found no abandoned profile.
2022-05-11 15:45:01,868 [30] [cmk.web.background-job 2925781] Found no abandoned profile.
2022-05-11 16:45:02,228 [30] [cmk.web.background-job 2932106] Found no abandoned profile.
2022-05-11 17:45:02,599 [30] [cmk.web.background-job 2938434] Found no abandoned profile.
2022-05-11 18:46:01,401 [30] [cmk.web.background-job 2944864] Found no abandoned profile.
2022-05-11 19:47:01,602 [30] [cmk.web.background-job 2951225] Found no abandoned profile.
2022-05-11 20:47:02,402 [30] [cmk.web.background-job 2957554] Found no abandoned profile.
2022-05-11 21:48:01,740 [30] [cmk.web.background-job 2963988] Found no abandoned profile.
2022-05-11 22:49:01,829 [30] [cmk.web.background-job 2970422] Found no abandoned profile.
2022-05-11 23:50:02,587 [30] [cmk.web.background-job 2976794] Found no abandoned profile.
2022-05-12 00:51:01,664 [30] [cmk.web.background-job 2983258] Found no abandoned profile.
2022-05-12 01:51:02,272 [30] [cmk.web.background-job 2989586] Found no abandoned profile.
2022-05-12 02:52:01,552 [30] [cmk.web.background-job 2996016] Found no abandoned profile.
2022-05-12 03:52:02,301 [30] [cmk.web.background-job 3002276] Found no abandoned profile.
2022-05-12 04:53:01,542 [30] [cmk.web.background-job 3008701] Found no abandoned profile.
2022-05-12 05:53:02,371 [30] [cmk.web.background-job 3015024] Found no abandoned profile.
